2025-02-16 22:21:58,848 [INFO] Activator:176 - 


2025-02-16 22:21:58,849 [INFO] Activator:177 - !SESSION log4j initialized
2025-02-16 22:22:02,236 [INFO] LogOutputStream:77 - [STDOUT_REDIRECT] 
2025-02-16 22:22:04,528 [INFO] ApplicationProperties:184 - Using Application install path: C:\ST\STM32CubeIDE_1.17.0\STM32CubeIDE\plugins\com.st.stm32cube.common.mx_6.13.0.202411220809
2025-02-16 22:22:04,544 [INFO] DbMcusXml:78 - Set database path to: C:\ST\STM32CubeIDE_1.17.0\STM32CubeIDE\plugins\com.st.stm32cube.common.mx_6.13.0.202411220809\\db\/mcu/
2025-02-16 22:22:04,544 [INFO] ApiDb:274 - Set plugin database path to: C:\ST\STM32CubeIDE_1.17.0\STM32CubeIDE\plugins\com.st.stm32cube.common.mx_6.13.0.202411220809\\db\/plugins/boardmanager/
2025-02-16 22:22:04,544 [WARN] ApiDb:259 - Overriding images path with different value:  => C:\ST\STM32CubeIDE_1.17.0\STM32CubeIDE\plugins\com.st.stm32cube.common.mx_6.13.0.202411220809\\db\/plugins/mcufinder/images/
2025-02-16 22:22:04,550 [INFO] ApiDb:250 - Set database path to: C:\Users\verma\.stmcufinder\plugins\mcufinder//mcu/
2025-02-16 22:22:04,551 [INFO] DbMcusAds:125 - Set database path to: C:\Users\verma\.stmcufinder\plugins\mcufinder//mcu/
2025-02-16 22:22:04,553 [INFO] CrossReferenceDbSqlite:203 - Set database path to: C:\Users\verma\.stmcufinder\plugins\mcufinder//mcu/cs/
2025-02-16 22:22:04,661 [INFO] RulesReader:64 - Compatibility file has been processed (297 Rules)
2025-02-16 22:22:04,742 [INFO] DbMcusXml:78 - Set database path to: C:\ST\STM32CubeIDE_1.17.0\STM32CubeIDE\plugins\com.st.stm32cube.common.mx_6.13.0.202411220809\\db\/mcu/
2025-02-16 22:22:04,743 [INFO] ApiDb:274 - Set plugin database path to: C:\ST\STM32CubeIDE_1.17.0\STM32CubeIDE\plugins\com.st.stm32cube.common.mx_6.13.0.202411220809\\db\/plugins/boardmanager/
2025-02-16 22:22:04,743 [INFO] ApiDb:261 - Set plugin images path to: C:\ST\STM32CubeIDE_1.17.0\STM32CubeIDE\plugins\com.st.stm32cube.common.mx_6.13.0.202411220809\\db\/plugins/mcufinder/images/
2025-02-16 22:22:04,743 [WARN] DbFile:41 - Overriding database path with different value: C:\Users\verma\.stmcufinder\plugins\mcufinder/ => C:\Users\verma\.stmcufinder\plugins\mcufinder
2025-02-16 22:22:04,743 [INFO] ApiDb:250 - Set database path to: C:\Users\verma\.stmcufinder\plugins\mcufinder//mcu/
2025-02-16 22:22:04,743 [WARN] DbFile:41 - Overriding database path with different value: C:\Users\verma\.stmcufinder\plugins\mcufinder/ => C:\Users\verma\.stmcufinder\plugins\mcufinder
2025-02-16 22:22:04,743 [INFO] DbMcusAds:125 - Set database path to: C:\Users\verma\.stmcufinder\plugins\mcufinder//mcu/
2025-02-16 22:22:04,743 [WARN] DbFile:41 - Overriding database path with different value: C:\Users\verma\.stmcufinder\plugins\mcufinder/ => C:\Users\verma\.stmcufinder\plugins\mcufinder
2025-02-16 22:22:04,743 [WARN] DbFile:41 - Overriding database path with different value: C:\Users\verma\.stmcufinder\plugins\mcufinder/ => C:\Users\verma\.stmcufinder\plugins\mcufinder
2025-02-16 22:22:04,743 [INFO] CrossReferenceDbSqlite:203 - Set database path to: C:\Users\verma\.stmcufinder\plugins\mcufinder//mcu/cs/
2025-02-16 22:22:04,808 [INFO] MainPanel:272 - HeapMemory: 268435456
2025-02-16 22:22:04,900 [INFO] DbMcusXml:78 - Set database path to: C:\ST\STM32CubeIDE_1.17.0\STM32CubeIDE\plugins\com.st.stm32cube.common.mx_6.13.0.202411220809\\db\/mcu/
2025-02-16 22:22:04,901 [INFO] ApiDb:274 - Set plugin database path to: C:\ST\STM32CubeIDE_1.17.0\STM32CubeIDE\plugins\com.st.stm32cube.common.mx_6.13.0.202411220809\\db\/plugins/boardmanager/
2025-02-16 22:22:04,901 [INFO] ApiDb:261 - Set plugin images path to: C:\ST\STM32CubeIDE_1.17.0\STM32CubeIDE\plugins\com.st.stm32cube.common.mx_6.13.0.202411220809\\db\/plugins/mcufinder/images/
2025-02-16 22:22:04,901 [WARN] DbFile:41 - Overriding database path with different value: C:\Users\verma\.stmcufinder\plugins\mcufinder/ => C:\Users\verma\.stmcufinder\plugins\mcufinder
2025-02-16 22:22:04,901 [INFO] ApiDb:250 - Set database path to: C:\Users\verma\.stmcufinder\plugins\mcufinder//mcu/
2025-02-16 22:22:04,901 [WARN] DbFile:41 - Overriding database path with different value: C:\Users\verma\.stmcufinder\plugins\mcufinder/ => C:\Users\verma\.stmcufinder\plugins\mcufinder
2025-02-16 22:22:04,901 [INFO] DbMcusAds:125 - Set database path to: C:\Users\verma\.stmcufinder\plugins\mcufinder//mcu/
2025-02-16 22:22:04,901 [WARN] DbFile:41 - Overriding database path with different value: C:\Users\verma\.stmcufinder\plugins\mcufinder/ => C:\Users\verma\.stmcufinder\plugins\mcufinder
2025-02-16 22:22:04,901 [WARN] DbFile:41 - Overriding database path with different value: C:\Users\verma\.stmcufinder\plugins\mcufinder/ => C:\Users\verma\.stmcufinder\plugins\mcufinder
2025-02-16 22:22:04,901 [INFO] CrossReferenceDbSqlite:203 - Set database path to: C:\Users\verma\.stmcufinder\plugins\mcufinder//mcu/cs/
2025-02-16 22:22:04,918 [INFO] ApplicationProperties:184 - Using Application install path: C:\ST\STM32CubeIDE_1.17.0\STM32CubeIDE\plugins\com.st.stm32cube.common.mx_6.13.0.202411220809
2025-02-16 22:22:04,919 [INFO] PluginManage:196 - Search for loadable plugins [exclusion list=, ]
2025-02-16 22:22:04,920 [INFO] PluginManage:310 - Check plugin analytics
2025-02-16 22:22:05,115 [INFO] AnalyticsPlugin:253 - Accepted Software Licenses: 
2025-02-16 22:22:05,115 [INFO] AnalyticsPlugin:255 - Accepted CMSIS Pack Licenses: 
2025-02-16 22:22:05,115 [INFO] AnalyticsPlugin:257 - Accepted Firmware Licenses: 
2025-02-16 22:22:05,119 [INFO] PluginManage:359 - Loaded plugin analytics (category:tool,tabindex:-1)
2025-02-16 22:22:05,120 [INFO] PluginManage:310 - Check plugin cadmodel
2025-02-16 22:22:05,140 [INFO] CADModel:105 - Init CAD model plugin
2025-02-16 22:22:05,140 [INFO] PluginManage:359 - Loaded plugin cadmodel (category:power,tabindex:5)
2025-02-16 22:22:05,141 [INFO] PluginManage:310 - Check plugin clock
2025-02-16 22:22:05,163 [INFO] PluginManage:359 - Loaded plugin clock (category:base,tabindex:2)
2025-02-16 22:22:05,163 [INFO] PluginManage:310 - Check plugin ddr
2025-02-16 22:22:05,166 [INFO] PluginManage:359 - Loaded plugin ddr (category:tool,tabindex:6)
2025-02-16 22:22:05,166 [INFO] PluginManage:310 - Check plugin filemanager
2025-02-16 22:22:05,331 [INFO] PluginManage:359 - Loaded plugin filemanager (category:base,tabindex:10)
2025-02-16 22:22:05,331 [INFO] PluginManage:310 - Check plugin ipmanager
2025-02-16 22:22:05,338 [INFO] PluginManage:359 - Loaded plugin ipmanager (category:base,tabindex:5)
2025-02-16 22:22:05,339 [INFO] PluginManage:310 - Check plugin lpbam
2025-02-16 22:22:05,358 [INFO] PluginManage:359 - Loaded plugin lpbam (category:base,tabindex:0)
2025-02-16 22:22:05,358 [INFO] PluginManage:310 - Check plugin memorymap
2025-02-16 22:22:05,384 [INFO] PluginManage:359 - Loaded plugin memorymap (category:base,tabindex:4)
2025-02-16 22:22:05,384 [INFO] PluginManage:310 - Check plugin pinoutandconfiguration
2025-02-16 22:22:05,402 [INFO] PluginManage:359 - Loaded plugin pinoutandconfiguration (category:base,tabindex:1)
2025-02-16 22:22:05,403 [INFO] PluginManage:310 - Check plugin pinoutconfig
2025-02-16 22:22:05,482 [WARN] SupportedApi:132 - Cannot load RTOS API schema: s4s-elt-must-match.1: The content of 'definitions' must match (annotation?, (simpleType | complexType)?, (unique | key | keyref)*)). A problem was found starting at: attribute.
2025-02-16 22:22:05,593 [INFO] PluginManage:359 - Loaded plugin pinoutconfig (category:base,tabindex:0)
2025-02-16 22:22:05,594 [INFO] PluginManage:310 - Check plugin power
2025-02-16 22:22:05,615 [INFO] PluginManage:359 - Loaded plugin power (category:power,tabindex:4)
2025-02-16 22:22:05,615 [INFO] PluginManage:310 - Check plugin projectmanager
2025-02-16 22:22:05,628 [INFO] PluginManage:359 - Loaded plugin projectmanager (category:projectmanager,tabindex:4)
2025-02-16 22:22:05,628 [INFO] PluginManage:310 - Check plugin rif
2025-02-16 22:22:05,646 [INFO] PluginManage:359 - Loaded plugin rif (category:base,tabindex:3)
2025-02-16 22:22:05,646 [INFO] PluginManage:310 - Check plugin thirdparty
2025-02-16 22:22:05,907 [INFO] PluginManage:359 - Loaded plugin thirdparty (category:base,tabindex:-1)
2025-02-16 22:22:05,907 [INFO] PluginManage:310 - Check plugin tools
2025-02-16 22:22:05,907 [WARN] IntegrityCheckThread:84 - waiting for thirdparty lock release [integrity check]
2025-02-16 22:22:05,907 [INFO] IntegrityCheckThread:86 - entering critical section [integrity check]
2025-02-16 22:22:05,908 [INFO] ThirdPartyUpdaterWithRetryManager:70 - Updater plugin not ready yet. [1/15]
2025-02-16 22:22:05,945 [INFO] PluginManage:359 - Loaded plugin tools (category:base,tabindex:7)
2025-02-16 22:22:05,946 [INFO] PluginManage:310 - Check plugin tutovideos
2025-02-16 22:22:06,085 [INFO] PluginManage:359 - Loaded plugin tutovideos (category:base,tabindex:-1)
2025-02-16 22:22:06,086 [INFO] PluginManage:310 - Check plugin updater
2025-02-16 22:22:06,102 [INFO] PluginManage:359 - Loaded plugin updater (category:base,tabindex:12)
2025-02-16 22:22:06,102 [INFO] PluginManage:310 - Check plugin userauth
2025-02-16 22:22:06,106 [INFO] UserAuth:118 - Init User Auth plugin
2025-02-16 22:22:06,106 [INFO] PluginManage:359 - Loaded plugin userauth (category:base,tabindex:14)
2025-02-16 22:22:06,107 [INFO] PluginManage:283 - PluginManage : Loaded plugins [18]
2025-02-16 22:22:06,271 [INFO] PinOutPanel:1589 - setPackage(No Configuration,No Configuration)
2025-02-16 22:22:06,344 [INFO] CADModel:165 - CPN selected for project level
2025-02-16 22:22:06,344 [INFO] CADModel:114 - Register for checkConnection events
2025-02-16 22:22:06,373 [INFO] IPUIPlugin:80 - create IPUIPlugin
2025-02-16 22:22:06,374 [INFO] PluginManager:220 - loadIPPluginJar : add adc
2025-02-16 22:22:06,421 [INFO] IPUIPlugin:80 - create IPUIPlugin
2025-02-16 22:22:06,421 [INFO] PluginManager:220 - loadIPPluginJar : add aes
2025-02-16 22:22:06,472 [INFO] IPUIPlugin:80 - create IPUIPlugin
2025-02-16 22:22:06,473 [INFO] PluginManager:220 - loadIPPluginJar : add can
2025-02-16 22:22:06,505 [INFO] IPUIPlugin:80 - create IPUIPlugin
2025-02-16 22:22:06,505 [INFO] PluginManager:220 - loadIPPluginJar : add comp
2025-02-16 22:22:06,540 [INFO] IPUIPlugin:80 - create IPUIPlugin
2025-02-16 22:22:06,540 [INFO] PluginManager:220 - loadIPPluginJar : add cryp
2025-02-16 22:22:06,553 [INFO] IPUIPlugin:80 - create IPUIPlugin
2025-02-16 22:22:06,553 [INFO] PluginManager:220 - loadIPPluginJar : add ddr_ctrl_phy
2025-02-16 22:22:06,582 [INFO] IPUIPlugin:80 - create IPUIPlugin
2025-02-16 22:22:06,582 [INFO] PluginManager:220 - loadIPPluginJar : add dfsdm
2025-02-16 22:22:06,596 [INFO] IPUIPlugin:80 - create IPUIPlugin
2025-02-16 22:22:06,596 [INFO] PluginManager:220 - loadIPPluginJar : add dma
2025-02-16 22:22:06,631 [INFO] IPUIPlugin:80 - create IPUIPlugin
2025-02-16 22:22:06,631 [INFO] PluginManager:220 - loadIPPluginJar : add dma3
2025-02-16 22:22:06,676 [INFO] IPUIPlugin:80 - create IPUIPlugin
2025-02-16 22:22:06,676 [INFO] PluginManager:220 - loadIPPluginJar : add extmemmanager
2025-02-16 22:22:06,697 [INFO] IPUIPlugin:80 - create IPUIPlugin
2025-02-16 22:22:06,697 [INFO] PluginManager:220 - loadIPPluginJar : add fatfs
2025-02-16 22:22:06,742 [INFO] IPUIPlugin:80 - create IPUIPlugin
2025-02-16 22:22:06,742 [INFO] PluginManager:220 - loadIPPluginJar : add fmc
2025-02-16 22:22:06,758 [INFO] IPUIPlugin:80 - create IPUIPlugin
2025-02-16 22:22:06,758 [INFO] PluginManager:220 - loadIPPluginJar : add freertos
2025-02-16 22:22:06,781 [INFO] IPUIPlugin:80 - create IPUIPlugin
2025-02-16 22:22:06,781 [INFO] PluginManager:220 - loadIPPluginJar : add genericplugin
2025-02-16 22:22:06,868 [INFO] IPUIPlugin:80 - create IPUIPlugin
2025-02-16 22:22:06,868 [INFO] PluginManager:220 - loadIPPluginJar : add gfxmmu
2025-02-16 22:22:06,990 [INFO] IPUIPlugin:80 - create IPUIPlugin
2025-02-16 22:22:06,990 [INFO] PluginManager:220 - loadIPPluginJar : add gic
2025-02-16 22:22:07,004 [INFO] IPUIPlugin:80 - create IPUIPlugin
2025-02-16 22:22:07,004 [INFO] PluginManager:220 - loadIPPluginJar : add gpio
2025-02-16 22:22:07,097 [INFO] IPUIPlugin:80 - create IPUIPlugin
2025-02-16 22:22:07,097 [INFO] PluginManager:220 - loadIPPluginJar : add gtzc
2025-02-16 22:22:07,130 [INFO] IPUIPlugin:80 - create IPUIPlugin
2025-02-16 22:22:07,130 [INFO] PluginManager:220 - loadIPPluginJar : add hash
2025-02-16 22:22:07,182 [INFO] IPUIPlugin:80 - create IPUIPlugin
2025-02-16 22:22:07,182 [INFO] PluginManager:220 - loadIPPluginJar : add i2c
2025-02-16 22:22:07,221 [INFO] IPUIPlugin:80 - create IPUIPlugin
2025-02-16 22:22:07,221 [INFO] PluginManager:220 - loadIPPluginJar : add i2s
2025-02-16 22:22:07,264 [INFO] IPUIPlugin:80 - create IPUIPlugin
2025-02-16 22:22:07,264 [INFO] PluginManager:220 - loadIPPluginJar : add i3c
2025-02-16 22:22:07,367 [INFO] IPUIPlugin:80 - create IPUIPlugin
2025-02-16 22:22:07,368 [INFO] PluginManager:220 - loadIPPluginJar : add ipddr
2025-02-16 22:22:07,454 [INFO] IPUIPlugin:80 - create IPUIPlugin
2025-02-16 22:22:07,454 [INFO] PluginManager:220 - loadIPPluginJar : add linkedlist
2025-02-16 22:22:07,492 [INFO] IPUIPlugin:80 - create IPUIPlugin
2025-02-16 22:22:07,492 [INFO] PluginManager:220 - loadIPPluginJar : add lorawan
2025-02-16 22:22:07,533 [INFO] IPUIPlugin:80 - create IPUIPlugin
2025-02-16 22:22:07,533 [INFO] PluginManager:220 - loadIPPluginJar : add ltdc
2025-02-16 22:22:07,547 [INFO] IPUIPlugin:80 - create IPUIPlugin
2025-02-16 22:22:07,548 [INFO] PluginManager:220 - loadIPPluginJar : add mdma
2025-02-16 22:22:07,561 [INFO] IPUIPlugin:80 - create IPUIPlugin
2025-02-16 22:22:07,561 [INFO] PluginManager:220 - loadIPPluginJar : add nvic
2025-02-16 22:22:07,598 [INFO] IPUIPlugin:80 - create IPUIPlugin
2025-02-16 22:22:07,598 [INFO] PluginManager:220 - loadIPPluginJar : add opamp
2025-02-16 22:22:07,657 [INFO] IPUIPlugin:80 - create IPUIPlugin
2025-02-16 22:22:07,657 [INFO] PluginManager:220 - loadIPPluginJar : add openamp
2025-02-16 22:22:07,700 [INFO] IPUIPlugin:80 - create IPUIPlugin
2025-02-16 22:22:07,700 [INFO] PluginManager:220 - loadIPPluginJar : add pdm2pcm
2025-02-16 22:22:07,715 [INFO] IPUIPlugin:80 - create IPUIPlugin
2025-02-16 22:22:07,716 [INFO] PluginManager:220 - loadIPPluginJar : add plateformsettings
2025-02-16 22:22:07,741 [INFO] IPUIPlugin:80 - create IPUIPlugin
2025-02-16 22:22:07,741 [INFO] PluginManager:220 - loadIPPluginJar : add quadspi
2025-02-16 22:22:07,768 [INFO] IPUIPlugin:80 - create IPUIPlugin
2025-02-16 22:22:07,769 [INFO] PluginManager:220 - loadIPPluginJar : add radio
2025-02-16 22:22:07,784 [INFO] IPUIPlugin:80 - create IPUIPlugin
2025-02-16 22:22:07,784 [INFO] PluginManager:220 - loadIPPluginJar : add resmgrutility
2025-02-16 22:22:07,831 [INFO] IPUIPlugin:80 - create IPUIPlugin
2025-02-16 22:22:07,831 [INFO] PluginManager:220 - loadIPPluginJar : add sai
2025-02-16 22:22:07,868 [INFO] IPUIPlugin:80 - create IPUIPlugin
2025-02-16 22:22:07,869 [INFO] PluginManager:220 - loadIPPluginJar : add spi
2025-02-16 22:22:07,945 [INFO] IPUIPlugin:80 - create IPUIPlugin
2025-02-16 22:22:07,945 [INFO] PluginManager:220 - loadIPPluginJar : add stm32_wpan
2025-02-16 22:22:07,977 [INFO] IPUIPlugin:80 - create IPUIPlugin
2025-02-16 22:22:07,977 [INFO] PluginManager:220 - loadIPPluginJar : add tim
2025-02-16 22:22:08,051 [INFO] IPUIPlugin:80 - create IPUIPlugin
2025-02-16 22:22:08,051 [INFO] PluginManager:220 - loadIPPluginJar : add touchsensing
2025-02-16 22:22:08,084 [INFO] IPUIPlugin:80 - create IPUIPlugin
2025-02-16 22:22:08,084 [INFO] PluginManager:220 - loadIPPluginJar : add tracer_emb
2025-02-16 22:22:08,115 [INFO] IPUIPlugin:80 - create IPUIPlugin
2025-02-16 22:22:08,115 [INFO] PluginManager:220 - loadIPPluginJar : add ts
2025-02-16 22:22:08,145 [INFO] IPUIPlugin:80 - create IPUIPlugin
2025-02-16 22:22:08,145 [INFO] PluginManager:220 - loadIPPluginJar : add tsc
2025-02-16 22:22:08,170 [INFO] IPUIPlugin:80 - create IPUIPlugin
2025-02-16 22:22:08,170 [INFO] PluginManager:220 - loadIPPluginJar : add ucpd
2025-02-16 22:22:08,216 [INFO] IPUIPlugin:80 - create IPUIPlugin
2025-02-16 22:22:08,216 [INFO] PluginManager:220 - loadIPPluginJar : add usart
2025-02-16 22:22:08,260 [INFO] IPUIPlugin:80 - create IPUIPlugin
2025-02-16 22:22:08,260 [INFO] PluginManager:220 - loadIPPluginJar : add usbx
2025-02-16 22:22:08,372 [FATAL] Updater:351 - Updater called before beeing initialized
2025-02-16 22:22:08,391 [INFO] RulesReader:64 - Compatibility file has been processed (297 Rules)
2025-02-16 22:22:08,399 [INFO] RulesReader:64 - Compatibility file has been processed (297 Rules)
2025-02-16 22:22:08,407 [INFO] CADModel:165 - CPN selected for project level
2025-02-16 22:22:08,407 [INFO] CADModel:114 - Register for checkConnection events
2025-02-16 22:22:08,407 [FATAL] Updater:351 - Updater called before beeing initialized
2025-02-16 22:22:08,407 [ERROR] CADModel:125 - Updater not yet initialized, retry later 
2025-02-16 22:22:08,537 [FATAL] Updater:351 - Updater called before beeing initialized
2025-02-16 22:22:08,539 [INFO] CADModel:165 - CPN selected for project level
2025-02-16 22:22:08,540 [INFO] CADModel:114 - Register for checkConnection events
2025-02-16 22:22:08,540 [FATAL] Updater:351 - Updater called before beeing initialized
2025-02-16 22:22:08,540 [ERROR] CADModel:125 - Updater not yet initialized, retry later 
2025-02-16 22:22:08,542 [FATAL] Updater:351 - Updater called before beeing initialized
2025-02-16 22:22:08,617 [FATAL] Updater:351 - Updater called before beeing initialized
2025-02-16 22:22:08,629 [INFO] DbMcusAds:53 - JSON generation date=Thu Sep 30 12:25:09 IST 2021 (1632984909247)
2025-02-16 22:22:08,630 [FATAL] Updater:351 - Updater called before beeing initialized
2025-02-16 22:22:08,668 [WARN] DetailPanel:346 - Failed to get advertising image, set to default
2025-02-16 22:22:08,855 [FATAL] Updater:351 - Updater called before beeing initialized
2025-02-16 22:22:08,856 [FATAL] Updater:351 - Updater called before beeing initialized
2025-02-16 22:22:08,856 [FATAL] Updater:351 - Updater called before beeing initialized
2025-02-16 22:22:08,856 [WARN] DetailPanel:346 - Failed to get advertising image, set to default
2025-02-16 22:22:08,857 [FATAL] Updater:351 - Updater called before beeing initialized
2025-02-16 22:22:08,909 [ERROR] Updater:1198 - MainUpdater not yet initialized. External WinMGr cannot be set.
2025-02-16 22:22:08,909 [INFO] ThirdPartyUpdaterWithRetryManager:70 - Updater plugin not ready yet. [2/15]
2025-02-16 22:22:08,920 [INFO] Updater:1134 - Updater Version found : 6.13.0
2025-02-16 22:22:08,934 [INFO] ApplicationProperties:184 - Using Application install path: C:\ST\STM32CubeIDE_1.17.0\STM32CubeIDE\plugins\com.st.stm32cube.common.mx_6.13.0.202411220809
2025-02-16 22:22:10,508 [ERROR] LogOutputStream:75 - [STDERR_REDIRECT] Feb 16, 2025 10:22:10 PM java.util.prefs.WindowsPreferences <init>
2025-02-16 22:22:10,509 [ERROR] LogOutputStream:75 - [STDERR_REDIRECT] WARNING: Could not open/create prefs root node Software\JavaSoft\Prefs at root 0xffffffff80000002. Windows RegCreateKeyEx(...) returned error code 5.
2025-02-16 22:22:10,509 [ERROR] LogOutputStream:75 - [STDERR_REDIRECT] 
2025-02-16 22:22:11,909 [FATAL] Updater:351 - Updater called before beeing initialized
2025-02-16 22:22:11,909 [ERROR] IntegrityCheckThread:130 - Cannot retrieve database content from updater: error 21
2025-02-16 22:22:11,909 [INFO] ThirdParty:978 - Integrity check success = false
2025-02-16 22:22:11,909 [INFO] IntegrityCheckThread:100 - exiting critical section [integrity check]
2025-02-16 22:22:11,909 [INFO] IntegrityCheckThread:103 - End integrity checks thread
2025-02-16 22:22:12,992 [INFO] MainUpdater:2872 - connection check result : 10
2025-02-16 22:22:12,993 [INFO] MainUpdater:289 - Updater Check For Update Now.
2025-02-16 22:22:12,993 [INFO] MicroXplorer:498 - Change Database Version : DB.6.0.130
2025-02-16 22:22:13,008 [INFO] McuFinderGlobals:63 - Set McuFinder mode to 2 (CubeIDE integrated)
2025-02-16 22:22:13,008 [INFO] UserAuth:171 - activating auth plugin
2025-02-16 22:22:13,011 [INFO] UserAuth:486 - Internet connection configuration mode: 1
2025-02-16 22:22:13,054 [INFO] JxBrowserEngine:152 - Initiate JxBrowser Engine with user profile folder
2025-02-16 22:22:13,198 [INFO] CheckServerUpdateThread:120 - End of CheckServer Thread
2025-02-16 22:22:13,689 [INFO] WebApp:168 - Instantiating new browser for Auth
2025-02-16 22:22:14,246 [INFO] WebApp:449 - Apply proxy settings
2025-02-16 22:22:14,246 [INFO] WebApp:534 - Chromium requires no authentication
2025-02-16 22:22:14,255 [INFO] WebApp:477 - Direct internet connection detected
2025-02-16 22:22:14,274 [INFO] WebApp:880 - Register for checkConnection events
2025-02-16 22:22:14,274 [INFO] WebApp:449 - Apply proxy settings
2025-02-16 22:22:14,274 [INFO] WebApp:534 - Chromium requires no authentication
2025-02-16 22:22:14,275 [INFO] WebApp:477 - Direct internet connection detected
2025-02-16 22:22:14,421 [INFO] WebApp:221 - Starting web application
2025-02-16 22:22:14,421 [INFO] WebApp:579 - Web application path used C:\ST\STM32CubeIDE_1.17.0\STM32CubeIDE\plugins\com.st.stm32cube.common.mx_6.13.0.202411220809\db\plugins\mcufinder\reactClient1\index.html
2025-02-16 22:22:15,486 [INFO] WebApp:187 - Connection restablished
2025-02-16 22:38:39,717 [INFO] WebApp:190 - Connection lost
2025-02-16 22:38:46,330 [INFO] WebApp:187 - Connection restablished
2025-02-16 22:39:01,342 [INFO] WebApp:190 - Connection lost
2025-02-16 22:39:02,152 [INFO] WebApp:187 - Connection restablished
2025-02-16 22:39:13,329 [INFO] WebApp:190 - Connection lost
2025-02-16 22:39:14,110 [INFO] WebApp:187 - Connection restablished
2025-02-16 22:39:20,131 [INFO] WebApp:190 - Connection lost
2025-02-16 22:39:27,503 [INFO] WebApp:187 - Connection restablished
2025-02-16 22:39:29,395 [INFO] WebApp:190 - Connection lost
2025-02-16 22:39:30,088 [INFO] WebApp:187 - Connection restablished
2025-02-16 22:39:49,340 [INFO] WebApp:190 - Connection lost
2025-02-16 22:39:50,033 [INFO] WebApp:187 - Connection restablished
2025-02-16 23:09:51,342 [INFO] WebApp:190 - Connection lost
2025-02-16 23:09:52,206 [INFO] WebApp:187 - Connection restablished
2025-02-16 23:10:11,091 [INFO] WebApp:190 - Connection lost
2025-02-16 23:10:20,910 [INFO] WebApp:187 - Connection restablished
