2025-03-20 09:38:22,370 [INFO] WebApp:194 - Connection lost
2025-03-20 09:38:22,563 [INFO] WebApp:191 - Connection restablished
2025-03-20 09:38:24,492 [INFO] WebApp:194 - Connection lost
2025-03-20 09:38:24,727 [INFO] WebApp:191 - Connection restablished
2025-03-20 10:54:15,354 [INFO] WebApp:194 - Connection lost
2025-03-20 10:54:15,616 [INFO] WebApp:191 - Connection restablished
2025-03-20 10:54:17,430 [INFO] WebApp:194 - Connection lost
2025-03-20 10:54:17,677 [INFO] WebApp:191 - Connection restablished
2025-03-20 12:35:01,671 [INFO] WebApp:194 - Connection lost
2025-03-20 12:35:01,982 [INFO] WebApp:191 - Connection restablished
2025-03-20 12:35:05,329 [INFO] WebApp:194 - Connection lost
2025-03-20 12:35:05,578 [INFO] WebApp:191 - Connection restablished
2025-03-20 12:35:08,466 [INFO] WebApp:194 - Connection lost
2025-03-20 12:35:08,716 [INFO] WebApp:191 - Connection restablished
2025-03-20 15:10:18,728 [INFO] WebApp:403 - JxBrowser engine has been closed 
2025-03-20 15:10:22,621 [ERROR] LogOutputStream:75 - [STDERR_REDIRECT] 
2025-03-20 15:12:44,569 [INFO] Activator:176 - 


2025-03-20 15:12:44,573 [INFO] Activator:177 - !SESSION log4j initialized
2025-03-20 15:12:50,226 [INFO] LogOutputStream:77 - [STDOUT_REDIRECT] 
2025-03-20 15:12:56,809 [INFO] ApplicationProperties:184 - Using Application install path: C:\ST\STM32CubeIDE_1.17.0\STM32CubeIDE\plugins\com.st.stm32cube.common.mx_6.14.0.202502271554
2025-03-20 15:12:56,824 [INFO] DbMcusXml:78 - Set database path to: C:\ST\STM32CubeIDE_1.17.0\STM32CubeIDE\plugins\com.st.stm32cube.common.mx_6.14.0.202502271554\\db\/mcu/
2025-03-20 15:12:56,824 [INFO] ApiDb:274 - Set plugin database path to: C:\ST\STM32CubeIDE_1.17.0\STM32CubeIDE\plugins\com.st.stm32cube.common.mx_6.14.0.202502271554\\db\/plugins/boardmanager/
2025-03-20 15:12:56,825 [WARN] ApiDb:259 - Overriding images path with different value:  => C:\ST\STM32CubeIDE_1.17.0\STM32CubeIDE\plugins\com.st.stm32cube.common.mx_6.14.0.202502271554\\db\/plugins/mcufinder/images/
2025-03-20 15:12:56,833 [INFO] ApiDb:250 - Set database path to: C:\Users\verma\.stmcufinder\plugins\mcufinder//mcu/
2025-03-20 15:12:56,834 [INFO] DbMcusAds:125 - Set database path to: C:\Users\verma\.stmcufinder\plugins\mcufinder//mcu/
2025-03-20 15:12:56,836 [INFO] CrossReferenceDbSqlite:203 - Set database path to: C:\Users\verma\.stmcufinder\plugins\mcufinder//mcu/cs/
2025-03-20 15:12:56,925 [INFO] RulesReader:64 - Compatibility file has been processed (301 Rules)
2025-03-20 15:12:57,005 [INFO] DbMcusXml:78 - Set database path to: C:\ST\STM32CubeIDE_1.17.0\STM32CubeIDE\plugins\com.st.stm32cube.common.mx_6.14.0.202502271554\\db\/mcu/
2025-03-20 15:12:57,005 [INFO] ApiDb:274 - Set plugin database path to: C:\ST\STM32CubeIDE_1.17.0\STM32CubeIDE\plugins\com.st.stm32cube.common.mx_6.14.0.202502271554\\db\/plugins/boardmanager/
2025-03-20 15:12:57,005 [INFO] ApiDb:261 - Set plugin images path to: C:\ST\STM32CubeIDE_1.17.0\STM32CubeIDE\plugins\com.st.stm32cube.common.mx_6.14.0.202502271554\\db\/plugins/mcufinder/images/
2025-03-20 15:12:57,005 [WARN] DbFile:41 - Overriding database path with different value: C:\Users\verma\.stmcufinder\plugins\mcufinder/ => C:\Users\verma\.stmcufinder\plugins\mcufinder
2025-03-20 15:12:57,006 [INFO] ApiDb:250 - Set database path to: C:\Users\verma\.stmcufinder\plugins\mcufinder//mcu/
2025-03-20 15:12:57,006 [WARN] DbFile:41 - Overriding database path with different value: C:\Users\verma\.stmcufinder\plugins\mcufinder/ => C:\Users\verma\.stmcufinder\plugins\mcufinder
2025-03-20 15:12:57,006 [INFO] DbMcusAds:125 - Set database path to: C:\Users\verma\.stmcufinder\plugins\mcufinder//mcu/
2025-03-20 15:12:57,006 [WARN] DbFile:41 - Overriding database path with different value: C:\Users\verma\.stmcufinder\plugins\mcufinder/ => C:\Users\verma\.stmcufinder\plugins\mcufinder
2025-03-20 15:12:57,006 [WARN] DbFile:41 - Overriding database path with different value: C:\Users\verma\.stmcufinder\plugins\mcufinder/ => C:\Users\verma\.stmcufinder\plugins\mcufinder
2025-03-20 15:12:57,006 [INFO] CrossReferenceDbSqlite:203 - Set database path to: C:\Users\verma\.stmcufinder\plugins\mcufinder//mcu/cs/
2025-03-20 15:12:57,065 [INFO] MainPanel:272 - HeapMemory: 268435456
2025-03-20 15:12:57,161 [INFO] DbMcusXml:78 - Set database path to: C:\ST\STM32CubeIDE_1.17.0\STM32CubeIDE\plugins\com.st.stm32cube.common.mx_6.14.0.202502271554\\db\/mcu/
2025-03-20 15:12:57,161 [INFO] ApiDb:274 - Set plugin database path to: C:\ST\STM32CubeIDE_1.17.0\STM32CubeIDE\plugins\com.st.stm32cube.common.mx_6.14.0.202502271554\\db\/plugins/boardmanager/
2025-03-20 15:12:57,161 [INFO] ApiDb:261 - Set plugin images path to: C:\ST\STM32CubeIDE_1.17.0\STM32CubeIDE\plugins\com.st.stm32cube.common.mx_6.14.0.202502271554\\db\/plugins/mcufinder/images/
2025-03-20 15:12:57,161 [WARN] DbFile:41 - Overriding database path with different value: C:\Users\verma\.stmcufinder\plugins\mcufinder/ => C:\Users\verma\.stmcufinder\plugins\mcufinder
2025-03-20 15:12:57,161 [INFO] ApiDb:250 - Set database path to: C:\Users\verma\.stmcufinder\plugins\mcufinder//mcu/
2025-03-20 15:12:57,161 [WARN] DbFile:41 - Overriding database path with different value: C:\Users\verma\.stmcufinder\plugins\mcufinder/ => C:\Users\verma\.stmcufinder\plugins\mcufinder
2025-03-20 15:12:57,161 [INFO] DbMcusAds:125 - Set database path to: C:\Users\verma\.stmcufinder\plugins\mcufinder//mcu/
2025-03-20 15:12:57,161 [WARN] DbFile:41 - Overriding database path with different value: C:\Users\verma\.stmcufinder\plugins\mcufinder/ => C:\Users\verma\.stmcufinder\plugins\mcufinder
2025-03-20 15:12:57,161 [WARN] DbFile:41 - Overriding database path with different value: C:\Users\verma\.stmcufinder\plugins\mcufinder/ => C:\Users\verma\.stmcufinder\plugins\mcufinder
2025-03-20 15:12:57,161 [INFO] CrossReferenceDbSqlite:203 - Set database path to: C:\Users\verma\.stmcufinder\plugins\mcufinder//mcu/cs/
2025-03-20 15:12:57,178 [INFO] ApplicationProperties:184 - Using Application install path: C:\ST\STM32CubeIDE_1.17.0\STM32CubeIDE\plugins\com.st.stm32cube.common.mx_6.14.0.202502271554
2025-03-20 15:12:57,179 [INFO] PluginManage:196 - Search for loadable plugins [exclusion list=, ]
2025-03-20 15:12:57,181 [INFO] PluginManage:310 - Check plugin analytics
2025-03-20 15:13:02,287 [INFO] AnalyticsPlugin:253 - Accepted Software Licenses: 
2025-03-20 15:13:02,287 [INFO] AnalyticsPlugin:255 - Accepted CMSIS Pack Licenses: 
2025-03-20 15:13:02,287 [INFO] AnalyticsPlugin:257 - Accepted Firmware Licenses: FW.F4.1.28.0
2025-03-20 15:13:02,291 [INFO] PluginManage:359 - Loaded plugin analytics (category:tool,tabindex:-1)
2025-03-20 15:13:02,291 [INFO] PluginManage:310 - Check plugin cadmodel
2025-03-20 15:13:02,297 [INFO] CADModel:105 - Init CAD model plugin
2025-03-20 15:13:02,297 [INFO] PluginManage:359 - Loaded plugin cadmodel (category:power,tabindex:5)
2025-03-20 15:13:02,297 [INFO] PluginManage:310 - Check plugin clock
2025-03-20 15:13:02,310 [INFO] PluginManage:359 - Loaded plugin clock (category:base,tabindex:2)
2025-03-20 15:13:02,310 [INFO] PluginManage:310 - Check plugin ddr
2025-03-20 15:13:02,313 [INFO] PluginManage:359 - Loaded plugin ddr (category:tool,tabindex:6)
2025-03-20 15:13:02,313 [INFO] PluginManage:310 - Check plugin filemanager
2025-03-20 15:13:02,444 [INFO] PluginManage:359 - Loaded plugin filemanager (category:base,tabindex:10)
2025-03-20 15:13:02,444 [INFO] PluginManage:310 - Check plugin ipmanager
2025-03-20 15:13:02,451 [INFO] PluginManage:359 - Loaded plugin ipmanager (category:base,tabindex:5)
2025-03-20 15:13:02,451 [INFO] PluginManage:310 - Check plugin lpbam
2025-03-20 15:13:02,459 [INFO] PluginManage:359 - Loaded plugin lpbam (category:base,tabindex:0)
2025-03-20 15:13:02,459 [INFO] PluginManage:310 - Check plugin memorymap
2025-03-20 15:13:02,473 [INFO] PluginManage:359 - Loaded plugin memorymap (category:base,tabindex:4)
2025-03-20 15:13:02,473 [INFO] PluginManage:310 - Check plugin pinoutandconfiguration
2025-03-20 15:13:02,480 [INFO] PluginManage:359 - Loaded plugin pinoutandconfiguration (category:base,tabindex:1)
2025-03-20 15:13:02,480 [INFO] PluginManage:310 - Check plugin pinoutconfig
2025-03-20 15:13:02,557 [WARN] SupportedApi:132 - Cannot load RTOS API schema: s4s-elt-must-match.1: The content of 'definitions' must match (annotation?, (simpleType | complexType)?, (unique | key | keyref)*)). A problem was found starting at: attribute.
2025-03-20 15:13:02,667 [INFO] PluginManage:359 - Loaded plugin pinoutconfig (category:base,tabindex:0)
2025-03-20 15:13:02,667 [INFO] PluginManage:310 - Check plugin power
2025-03-20 15:13:02,676 [INFO] PluginManage:359 - Loaded plugin power (category:power,tabindex:4)
2025-03-20 15:13:02,676 [INFO] PluginManage:310 - Check plugin projectmanager
2025-03-20 15:13:02,688 [INFO] PluginManage:359 - Loaded plugin projectmanager (category:projectmanager,tabindex:4)
2025-03-20 15:13:02,688 [INFO] PluginManage:310 - Check plugin rif
2025-03-20 15:13:02,695 [INFO] PluginManage:359 - Loaded plugin rif (category:base,tabindex:3)
2025-03-20 15:13:02,696 [INFO] PluginManage:310 - Check plugin thirdparty
2025-03-20 15:13:02,818 [WARN] IntegrityCheckThread:84 - waiting for thirdparty lock release [integrity check]
2025-03-20 15:13:02,819 [INFO] PluginManage:359 - Loaded plugin thirdparty (category:base,tabindex:-1)
2025-03-20 15:13:02,819 [INFO] IntegrityCheckThread:86 - entering critical section [integrity check]
2025-03-20 15:13:02,819 [INFO] PluginManage:310 - Check plugin tools
2025-03-20 15:13:02,819 [INFO] ThirdPartyUpdaterWithRetryManager:70 - Updater plugin not ready yet. [1/15]
2025-03-20 15:13:02,823 [INFO] PluginManage:359 - Loaded plugin tools (category:base,tabindex:7)
2025-03-20 15:13:02,823 [INFO] PluginManage:310 - Check plugin tutovideos
2025-03-20 15:13:02,989 [INFO] PluginManage:359 - Loaded plugin tutovideos (category:base,tabindex:-1)
2025-03-20 15:13:02,989 [INFO] PluginManage:310 - Check plugin updater
2025-03-20 15:13:03,009 [INFO] PluginManage:359 - Loaded plugin updater (category:base,tabindex:12)
2025-03-20 15:13:03,009 [INFO] PluginManage:310 - Check plugin userauth
2025-03-20 15:13:03,012 [INFO] UserAuth:118 - Init User Auth plugin
2025-03-20 15:13:03,013 [INFO] PluginManage:359 - Loaded plugin userauth (category:base,tabindex:14)
2025-03-20 15:13:03,013 [INFO] PluginManage:283 - PluginManage : Loaded plugins [18]
2025-03-20 15:13:03,179 [INFO] PinOutPanel:1589 - setPackage(No Configuration,No Configuration)
2025-03-20 15:13:03,250 [INFO] CADModel:165 - CPN selected for project level
2025-03-20 15:13:03,250 [INFO] CADModel:114 - Register for checkConnection events
2025-03-20 15:13:03,268 [INFO] IPUIPlugin:80 - create IPUIPlugin
2025-03-20 15:13:03,268 [INFO] PluginManager:220 - loadIPPluginJar : add adc
2025-03-20 15:13:03,271 [INFO] IPUIPlugin:80 - create IPUIPlugin
2025-03-20 15:13:03,272 [INFO] PluginManager:220 - loadIPPluginJar : add aes
2025-03-20 15:13:03,274 [INFO] IPUIPlugin:80 - create IPUIPlugin
2025-03-20 15:13:03,274 [INFO] PluginManager:220 - loadIPPluginJar : add can
2025-03-20 15:13:03,275 [INFO] IPUIPlugin:80 - create IPUIPlugin
2025-03-20 15:13:03,275 [INFO] PluginManager:220 - loadIPPluginJar : add comp
2025-03-20 15:13:03,278 [INFO] IPUIPlugin:80 - create IPUIPlugin
2025-03-20 15:13:03,278 [INFO] PluginManager:220 - loadIPPluginJar : add cryp
2025-03-20 15:13:03,281 [INFO] IPUIPlugin:80 - create IPUIPlugin
2025-03-20 15:13:03,281 [INFO] PluginManager:220 - loadIPPluginJar : add ddr_ctrl_phy
2025-03-20 15:13:03,283 [INFO] IPUIPlugin:80 - create IPUIPlugin
2025-03-20 15:13:03,283 [INFO] PluginManager:220 - loadIPPluginJar : add dfsdm
2025-03-20 15:13:03,288 [INFO] IPUIPlugin:80 - create IPUIPlugin
2025-03-20 15:13:03,289 [INFO] PluginManager:220 - loadIPPluginJar : add dma
2025-03-20 15:13:03,291 [INFO] IPUIPlugin:80 - create IPUIPlugin
2025-03-20 15:13:03,291 [INFO] PluginManager:220 - loadIPPluginJar : add dma3
2025-03-20 15:13:03,293 [INFO] IPUIPlugin:80 - create IPUIPlugin
2025-03-20 15:13:03,293 [INFO] PluginManager:220 - loadIPPluginJar : add extmemmanager
2025-03-20 15:13:03,296 [INFO] IPUIPlugin:80 - create IPUIPlugin
2025-03-20 15:13:03,296 [INFO] PluginManager:220 - loadIPPluginJar : add fatfs
2025-03-20 15:13:03,300 [INFO] IPUIPlugin:80 - create IPUIPlugin
2025-03-20 15:13:03,300 [INFO] PluginManager:220 - loadIPPluginJar : add fmc
2025-03-20 15:13:03,306 [INFO] IPUIPlugin:80 - create IPUIPlugin
2025-03-20 15:13:03,306 [INFO] PluginManager:220 - loadIPPluginJar : add freertos
2025-03-20 15:13:03,308 [INFO] IPUIPlugin:80 - create IPUIPlugin
2025-03-20 15:13:03,308 [INFO] PluginManager:220 - loadIPPluginJar : add genericplugin
2025-03-20 15:13:03,310 [INFO] IPUIPlugin:80 - create IPUIPlugin
2025-03-20 15:13:03,310 [INFO] PluginManager:220 - loadIPPluginJar : add gfxmmu
2025-03-20 15:13:03,314 [INFO] IPUIPlugin:80 - create IPUIPlugin
2025-03-20 15:13:03,314 [INFO] PluginManager:220 - loadIPPluginJar : add gic
2025-03-20 15:13:03,317 [INFO] IPUIPlugin:80 - create IPUIPlugin
2025-03-20 15:13:03,318 [INFO] PluginManager:220 - loadIPPluginJar : add gpio
2025-03-20 15:13:03,321 [INFO] IPUIPlugin:80 - create IPUIPlugin
2025-03-20 15:13:03,321 [INFO] PluginManager:220 - loadIPPluginJar : add gtzc
2025-03-20 15:13:03,322 [INFO] IPUIPlugin:80 - create IPUIPlugin
2025-03-20 15:13:03,322 [INFO] PluginManager:220 - loadIPPluginJar : add hash
2025-03-20 15:13:03,325 [INFO] IPUIPlugin:80 - create IPUIPlugin
2025-03-20 15:13:03,325 [INFO] PluginManager:220 - loadIPPluginJar : add i2c
2025-03-20 15:13:03,329 [INFO] IPUIPlugin:80 - create IPUIPlugin
2025-03-20 15:13:03,329 [INFO] PluginManager:220 - loadIPPluginJar : add i2s
2025-03-20 15:13:03,332 [INFO] IPUIPlugin:80 - create IPUIPlugin
2025-03-20 15:13:03,332 [INFO] PluginManager:220 - loadIPPluginJar : add i3c
2025-03-20 15:13:03,335 [INFO] IPUIPlugin:80 - create IPUIPlugin
2025-03-20 15:13:03,335 [INFO] PluginManager:220 - loadIPPluginJar : add ipddr
2025-03-20 15:13:03,341 [INFO] IPUIPlugin:80 - create IPUIPlugin
2025-03-20 15:13:03,342 [INFO] PluginManager:220 - loadIPPluginJar : add linkedlist
2025-03-20 15:13:03,344 [INFO] IPUIPlugin:80 - create IPUIPlugin
2025-03-20 15:13:03,345 [INFO] PluginManager:220 - loadIPPluginJar : add lorawan
2025-03-20 15:13:03,346 [INFO] IPUIPlugin:80 - create IPUIPlugin
2025-03-20 15:13:03,346 [INFO] PluginManager:220 - loadIPPluginJar : add ltdc
2025-03-20 15:13:03,352 [INFO] IPUIPlugin:80 - create IPUIPlugin
2025-03-20 15:13:03,352 [INFO] PluginManager:220 - loadIPPluginJar : add mdma
2025-03-20 15:13:03,355 [INFO] IPUIPlugin:80 - create IPUIPlugin
2025-03-20 15:13:03,355 [INFO] PluginManager:220 - loadIPPluginJar : add nvic
2025-03-20 15:13:03,358 [INFO] IPUIPlugin:80 - create IPUIPlugin
2025-03-20 15:13:03,358 [INFO] PluginManager:220 - loadIPPluginJar : add opamp
2025-03-20 15:13:03,361 [INFO] IPUIPlugin:80 - create IPUIPlugin
2025-03-20 15:13:03,361 [INFO] PluginManager:220 - loadIPPluginJar : add openamp
2025-03-20 15:13:03,365 [INFO] IPUIPlugin:80 - create IPUIPlugin
2025-03-20 15:13:03,365 [INFO] PluginManager:220 - loadIPPluginJar : add pdm2pcm
2025-03-20 15:13:03,370 [INFO] IPUIPlugin:80 - create IPUIPlugin
2025-03-20 15:13:03,372 [INFO] PluginManager:220 - loadIPPluginJar : add plateformsettings
2025-03-20 15:13:03,373 [INFO] IPUIPlugin:80 - create IPUIPlugin
2025-03-20 15:13:03,373 [INFO] PluginManager:220 - loadIPPluginJar : add quadspi
2025-03-20 15:13:03,384 [INFO] IPUIPlugin:80 - create IPUIPlugin
2025-03-20 15:13:03,385 [INFO] PluginManager:220 - loadIPPluginJar : add radio
2025-03-20 15:13:03,388 [INFO] IPUIPlugin:80 - create IPUIPlugin
2025-03-20 15:13:03,388 [INFO] PluginManager:220 - loadIPPluginJar : add resmgrutility
2025-03-20 15:13:03,392 [INFO] IPUIPlugin:80 - create IPUIPlugin
2025-03-20 15:13:03,392 [INFO] PluginManager:220 - loadIPPluginJar : add sai
2025-03-20 15:13:03,394 [INFO] IPUIPlugin:80 - create IPUIPlugin
2025-03-20 15:13:03,394 [INFO] PluginManager:220 - loadIPPluginJar : add spi
2025-03-20 15:13:03,400 [INFO] IPUIPlugin:80 - create IPUIPlugin
2025-03-20 15:13:03,401 [INFO] PluginManager:220 - loadIPPluginJar : add stm32_wpan
2025-03-20 15:13:03,402 [INFO] IPUIPlugin:80 - create IPUIPlugin
2025-03-20 15:13:03,403 [INFO] PluginManager:220 - loadIPPluginJar : add tim
2025-03-20 15:13:03,406 [INFO] IPUIPlugin:80 - create IPUIPlugin
2025-03-20 15:13:03,406 [INFO] PluginManager:220 - loadIPPluginJar : add touchsensing
2025-03-20 15:13:03,407 [INFO] IPUIPlugin:80 - create IPUIPlugin
2025-03-20 15:13:03,407 [INFO] PluginManager:220 - loadIPPluginJar : add tracer_emb
2025-03-20 15:13:03,410 [INFO] IPUIPlugin:80 - create IPUIPlugin
2025-03-20 15:13:03,410 [INFO] PluginManager:220 - loadIPPluginJar : add ts
2025-03-20 15:13:03,412 [INFO] IPUIPlugin:80 - create IPUIPlugin
2025-03-20 15:13:03,412 [INFO] PluginManager:220 - loadIPPluginJar : add tsc
2025-03-20 15:13:03,415 [INFO] IPUIPlugin:80 - create IPUIPlugin
2025-03-20 15:13:03,415 [INFO] PluginManager:220 - loadIPPluginJar : add ucpd
2025-03-20 15:13:03,418 [INFO] IPUIPlugin:80 - create IPUIPlugin
2025-03-20 15:13:03,418 [INFO] PluginManager:220 - loadIPPluginJar : add usart
2025-03-20 15:13:03,421 [INFO] IPUIPlugin:80 - create IPUIPlugin
2025-03-20 15:13:03,422 [INFO] PluginManager:220 - loadIPPluginJar : add usbx
2025-03-20 15:13:03,540 [FATAL] Updater:351 - Updater called before beeing initialized
2025-03-20 15:13:03,559 [INFO] RulesReader:64 - Compatibility file has been processed (301 Rules)
2025-03-20 15:13:03,570 [INFO] RulesReader:64 - Compatibility file has been processed (301 Rules)
2025-03-20 15:13:03,579 [INFO] CADModel:165 - CPN selected for project level
2025-03-20 15:13:03,579 [INFO] CADModel:114 - Register for checkConnection events
2025-03-20 15:13:03,579 [FATAL] Updater:351 - Updater called before beeing initialized
2025-03-20 15:13:03,579 [ERROR] CADModel:125 - Updater not yet initialized, retry later 
2025-03-20 15:13:03,737 [FATAL] Updater:351 - Updater called before beeing initialized
2025-03-20 15:13:03,739 [INFO] CADModel:165 - CPN selected for project level
2025-03-20 15:13:03,740 [INFO] CADModel:114 - Register for checkConnection events
2025-03-20 15:13:03,740 [FATAL] Updater:351 - Updater called before beeing initialized
2025-03-20 15:13:03,740 [ERROR] CADModel:125 - Updater not yet initialized, retry later 
2025-03-20 15:13:03,743 [FATAL] Updater:351 - Updater called before beeing initialized
2025-03-20 15:13:03,851 [FATAL] Updater:351 - Updater called before beeing initialized
2025-03-20 15:13:03,855 [INFO] DbMcusAds:53 - JSON generation date=Thu Mar 06 20:24:21 IST 2025 (1741272861825)
2025-03-20 15:13:03,855 [FATAL] Updater:351 - Updater called before beeing initialized
2025-03-20 15:13:03,887 [WARN] DetailPanel:346 - Failed to get advertising image, set to default
2025-03-20 15:13:04,091 [FATAL] Updater:351 - Updater called before beeing initialized
2025-03-20 15:13:04,092 [FATAL] Updater:351 - Updater called before beeing initialized
2025-03-20 15:13:04,092 [FATAL] Updater:351 - Updater called before beeing initialized
2025-03-20 15:13:04,092 [WARN] DetailPanel:346 - Failed to get advertising image, set to default
2025-03-20 15:13:04,093 [FATAL] Updater:351 - Updater called before beeing initialized
2025-03-20 15:13:04,134 [ERROR] Updater:1198 - MainUpdater not yet initialized. External WinMGr cannot be set.
2025-03-20 15:13:04,136 [INFO] Updater:1134 - Updater Version found : 6.14.0
2025-03-20 15:13:04,152 [INFO] ApplicationProperties:184 - Using Application install path: C:\ST\STM32CubeIDE_1.17.0\STM32CubeIDE\plugins\com.st.stm32cube.common.mx_6.14.0.202502271554
2025-03-20 15:13:05,720 [ERROR] LogOutputStream:75 - [STDERR_REDIRECT] Mar 20, 2025 3:13:05 PM java.util.prefs.WindowsPreferences <init>
2025-03-20 15:13:05,722 [ERROR] LogOutputStream:75 - [STDERR_REDIRECT] WARNING: Could not open/create prefs root node Software\JavaSoft\Prefs at root 0xffffffff80000002. Windows RegCreateKeyEx(...) returned error code 5.
2025-03-20 15:13:05,722 [ERROR] LogOutputStream:75 - [STDERR_REDIRECT] 
2025-03-20 15:13:05,820 [INFO] ThirdPartyUpdaterWithRetryManager:70 - Updater plugin not ready yet. [2/15]
2025-03-20 15:13:06,607 [INFO] MainUpdater:2872 - connection check result : 10
2025-03-20 15:13:06,607 [INFO] MainUpdater:3566 - Updater definition file requires update
2025-03-20 15:13:06,608 [INFO] MainUpdater:289 - Updater Check For Update Now.
2025-03-20 15:13:06,608 [INFO] MicroXplorer:498 - Change Database Version : DB.6.0.140
2025-03-20 15:13:06,612 [INFO] McuFinderGlobals:63 - Set McuFinder mode to 2 (CubeIDE integrated)
2025-03-20 15:13:06,613 [INFO] UserAuth:486 - Internet connection configuration mode: 1
2025-03-20 15:13:06,626 [INFO] JxBrowserEngine:152 - Initiate JxBrowser Engine with user profile folder
2025-03-20 15:13:07,356 [INFO] ServerAccessManage:473 - Download File updaters.zip
2025-03-20 15:13:07,715 [INFO] FileExtend:242 - Unzip File : updaters.zip
2025-03-20 15:13:07,715 [INFO] FileExtend:257 - Standard Zip Deflate
2025-03-20 15:13:07,838 [INFO] WebApp:169 - Instantiating new browser for Auth
2025-03-20 15:13:08,037 [INFO] ServerAccessManage:473 - Download File PacksControlFlags.xml
2025-03-20 15:13:08,148 [INFO] ServerAccessManage:473 - Download File cubemx.pidx
2025-03-20 15:13:08,820 [WARN] MainUpdater:1193 - Updater busy. Cannot search thirdparties
2025-03-20 15:13:08,820 [INFO] ThirdPartyUpdaterWithRetryManager:96 - Updater plugin is busy. [1/15]
2025-03-20 15:13:08,988 [INFO] ServerAccessManage:473 - Download File STMicroelectronics.X-CUBE-AZRTOS-H7RS.pdsc
2025-03-20 15:13:09,102 [INFO] WebApp:463 - Apply proxy settings
2025-03-20 15:13:09,102 [INFO] WebApp:548 - Chromium requires no authentication
2025-03-20 15:13:09,112 [INFO] WebApp:491 - Direct internet connection detected
2025-03-20 15:13:09,139 [INFO] WebApp:894 - Register for checkConnection events
2025-03-20 15:13:09,139 [INFO] WebApp:463 - Apply proxy settings
2025-03-20 15:13:09,139 [INFO] WebApp:548 - Chromium requires no authentication
2025-03-20 15:13:09,140 [INFO] WebApp:491 - Direct internet connection detected
2025-03-20 15:13:09,714 [WARN] PackLoader:240 - Cannot read IP mode file for STMicroelectronics.X-CUBE-AZRTOS-H7RS.1.1.0
2025-03-20 15:13:09,719 [INFO] PopulateThirdPartyThread:66 - Ending populate Thread
2025-03-20 15:13:09,721 [INFO] CheckServerUpdateThread:120 - End of CheckServer Thread
2025-03-20 15:13:09,722 [INFO] ThirdParty:1030 - CMSIS Pack Vendor :STMicroelectronics X-CUBE-AZRTOS-H7RS 1.1.0
2025-03-20 15:13:09,723 [INFO] LoadServerUpdatesThread:375 - End of LoadServerUpdate Thread
2025-03-20 15:13:09,762 [INFO] WebApp:191 - Connection restablished
2025-03-20 15:13:09,810 [INFO] WebApp:225 - Starting web application
2025-03-20 15:13:09,810 [INFO] WebApp:593 - Web application path used C:\ST\STM32CubeIDE_1.17.0\STM32CubeIDE\plugins\com.st.stm32cube.common.mx_6.14.0.202502271554\db\plugins\mcufinder\reactClient1\index.html
2025-03-20 15:13:09,962 [INFO] UserAuth:486 - Internet connection configuration mode: 1
2025-03-20 15:13:11,971 [WARN] PackLoader:240 - Cannot read IP mode file for STMicroelectronics.FP-SNS-MOTENVWB1.1.4.0
2025-03-20 15:13:11,975 [WARN] PackLoader:240 - Cannot read IP mode file for STMicroelectronics.FP-ATR-ASTRA1.2.0.2
2025-03-20 15:13:11,978 [WARN] PackLoader:240 - Cannot read IP mode file for STMicroelectronics.FP-ATR-ASTRA1.2.0.1
2025-03-20 15:13:11,985 [WARN] PackLoader:240 - Cannot read IP mode file for STMicroelectronics.X-CUBE-SMBUS.2.1.0
2025-03-20 15:13:11,990 [WARN] PackLoader:240 - Cannot read IP mode file for STMicroelectronics.X-CUBE-WB05N.1.1.0
2025-03-20 15:13:12,002 [WARN] PackLoader:240 - Cannot read IP mode file for STMicroelectronics.X-CUBE-AZRTOS-F7.1.1.0
2025-03-20 15:13:12,008 [WARN] PackLoader:240 - Cannot read IP mode file for STMicroelectronics.FP-SNS-FLIGHT1.5.0.2
2025-03-20 15:13:12,022 [WARN] PackLoader:240 - Cannot read IP mode file for Infineon.AIROC-Wi-Fi-Bluetooth-STM32.1.7.0
2025-03-20 15:13:12,032 [WARN] PackLoader:240 - Cannot read IP mode file for STMicroelectronics.X-CUBE-DISPLAY.3.0.0
2025-03-20 15:13:12,038 [WARN] PackLoader:240 - Cannot read IP mode file for STMicroelectronics.X-CUBE-BLE1.7.0.0
2025-03-20 15:13:12,043 [WARN] PackLoader:240 - Cannot read IP mode file for STMicroelectronics.X-CUBE-NFC10.1.0.0
2025-03-20 15:13:12,052 [WARN] PackLoader:240 - Cannot read IP mode file for STMicroelectronics.X-CUBE-BLEMGR.4.0.0
2025-03-20 15:13:12,058 [WARN] PackLoader:240 - Cannot read IP mode file for emotas.I-CUBE-CANOPEN.1.3.0
2025-03-20 15:13:12,061 [WARN] PackLoader:240 - Cannot read IP mode file for STMicroelectronics.X-CUBE-AI.10.0.0
2025-03-20 15:13:12,065 [WARN] PackLoader:240 - Cannot read IP mode file for STMicroelectronics.FP-SNS-SMARTAG2.1.2.0
2025-03-20 15:13:12,068 [WARN] PackLoader:240 - Cannot read IP mode file for STMicroelectronics.FP-SNS-FLIGHT1.5.1.0
2025-03-20 15:13:12,096 [WARN] PackLoader:240 - Cannot read IP mode file for STMicroelectronics.X-CUBE-MEMS1.11.1.0
2025-03-20 15:13:12,186 [INFO] LogOutputStream:77 - [STDOUT_REDIRECT] 1 : Invalid condition id : UX_CORESTACK_Condition cause : null
2025-03-20 15:13:12,186 [INFO] LogOutputStream:77 - [STDOUT_REDIRECT] 1 : Invalid condition id : UX_CORESTACK_Condition cause : null
2025-03-20 15:13:12,187 [INFO] LogOutputStream:77 - [STDOUT_REDIRECT] 1 : Invalid condition id : UX_CORESTACK_Condition cause : null
2025-03-20 15:13:12,188 [INFO] LogOutputStream:77 - [STDOUT_REDIRECT] 1 : Invalid condition id : UX_CORESTACK_Condition cause : null
2025-03-20 15:13:12,189 [INFO] LogOutputStream:77 - [STDOUT_REDIRECT] 1 : Invalid condition id : UX_CORESTACK_Condition cause : null
2025-03-20 15:13:12,191 [WARN] PackLoader:240 - Cannot read IP mode file for STMicroelectronics.X-CUBE-AZRTOS-WL.2.0.0
2025-03-20 15:13:12,197 [WARN] PackLoader:240 - Cannot read IP mode file for STMicroelectronics.FP-SNS-MOTENV1.5.0.0
2025-03-20 15:13:12,201 [WARN] PackLoader:240 - Cannot read IP mode file for wolfSSL.I-CUBE-wolfMQTT.1.19.0
2025-03-20 15:13:12,206 [WARN] PackLoader:240 - Cannot read IP mode file for WES.I-CUBE-Cesium.1.3.0
2025-03-20 15:13:12,211 [WARN] PackLoader:240 - Cannot read IP mode file for STMicroelectronics.X-CUBE-BLE2.3.3.0
2025-03-20 15:13:12,216 [WARN] PackLoader:240 - Cannot read IP mode file for STMicroelectronics.X-CUBE-NFC9.1.0.0
2025-03-20 15:13:12,220 [WARN] PackLoader:240 - Cannot read IP mode file for STMicroelectronics.X-CUBE-BLE1.7.1.0
2025-03-20 15:13:12,230 [WARN] PackLoader:240 - Cannot read IP mode file for STMicroelectronics.X-CUBE-AZRTOS-G0.1.1.0
2025-03-20 15:13:12,238 [WARN] PackLoader:240 - Cannot read IP mode file for STMicroelectronics.X-CUBE-SAFEA1.1.2.2
2025-03-20 15:13:12,242 [WARN] PackLoader:240 - Cannot read IP mode file for STMicroelectronics.X-CUBE-NFC4.3.0.0
2025-03-20 15:13:12,250 [WARN] PackLoader:240 - Cannot read IP mode file for EmbeddedOffice.I-CUBE-FS-RTOS.1.0.1
2025-03-20 15:13:12,256 [WARN] PackLoader:240 - Cannot read IP mode file for STMicroelectronics.X-CUBE-TCPP.4.2.0
2025-03-20 15:13:12,261 [WARN] PackLoader:240 - Cannot read IP mode file for RealThread.X-CUBE-RT-Thread_Nano.4.1.1
2025-03-20 15:13:12,265 [WARN] PackLoader:240 - Cannot read IP mode file for STMicroelectronics.FP-ATR-SIGFOX1.3.2.0
2025-03-20 15:13:12,269 [WARN] ConditionMgr:438 - getConditionDescription Invalid condition id : Cortex-A Device cause : null
2025-03-20 15:13:12,280 [WARN] ConditionMgr:1044 - genDependencies : Invalid condition id : Cortex-A Device cause : null
2025-03-20 15:13:12,280 [WARN] ConditionMgr:1044 - genDependencies : Invalid condition id : Cortex-A Device cause : null
2025-03-20 15:13:12,280 [WARN] ConditionMgr:1044 - genDependencies : Invalid condition id : Cortex-A Device cause : null
2025-03-20 15:13:12,285 [WARN] PackLoader:240 - Cannot read IP mode file for STMicroelectronics.X-CUBE-EEPRMA1.5.1.0
2025-03-20 15:13:12,289 [WARN] PackLoader:240 - Cannot read IP mode file for wolfSSL.I-CUBE-wolfSSL.5.7.6
2025-03-20 15:13:12,294 [WARN] PackLoader:240 - Cannot read IP mode file for ITTIA_DB.I-CUBE-ITTIADB.8.9.0
2025-03-20 15:13:12,313 [WARN] PackLoader:240 - Cannot read IP mode file for SEGGER.I-CUBE-embOS.1.3.1
2025-03-20 15:13:12,336 [WARN] PackLoader:240 - Cannot read IP mode file for STMicroelectronics.X-CUBE-ALGOBUILD.1.4.0
2025-03-20 15:13:12,346 [WARN] PackLoader:240 - Cannot read IP mode file for STMicroelectronics.X-CUBE-AZRTOS-F4.1.1.0
2025-03-20 15:13:12,351 [WARN] PackLoader:240 - Cannot read IP mode file for STMicroelectronics.X-CUBE-ISPU.2.1.0
2025-03-20 15:13:12,370 [WARN] PackLoader:240 - Cannot read IP mode file for STMicroelectronics.X-CUBE-AZRTOS-L5.2.0.0
2025-03-20 15:13:12,381 [WARN] PackLoader:240 - Cannot read IP mode file for STMicroelectronics.X-CUBE-NFC6.3.1.0
2025-03-20 15:13:12,389 [WARN] PackLoader:240 - Cannot read IP mode file for STMicroelectronics.X-CUBE-DPower.1.2.0
2025-03-20 15:13:12,394 [WARN] PackLoader:240 - Cannot read IP mode file for STMicroelectronics.X-CUBE-FREERTOS.1.3.0
2025-03-20 15:13:12,400 [WARN] PackLoader:240 - Cannot read IP mode file for STMicroelectronics.X-CUBE-NFC7.1.0.1
2025-03-20 15:13:12,416 [WARN] ConditionMgr:438 - getConditionDescription Invalid condition id : LAN8742 Phy interface Condition cause : null
2025-03-20 15:13:12,417 [WARN] PackLoader:240 - Cannot read IP mode file for STMicroelectronics.X-CUBE-AZRTOS-L4.2.0.0
2025-03-20 15:13:12,418 [WARN] ConditionMgr:1044 - genDependencies : Invalid condition id : LAN8742 Phy interface Condition cause : null
2025-03-20 15:13:12,418 [WARN] ConditionMgr:1044 - genDependencies : Invalid condition id : LAN8742 Phy interface Condition cause : null
2025-03-20 15:13:12,418 [WARN] ConditionMgr:1044 - genDependencies : Invalid condition id : LAN8742 Phy interface Condition cause : null
2025-03-20 15:13:12,425 [WARN] PackLoader:240 - Cannot read IP mode file for STMicroelectronics.X-CUBE-SFXS2LP1.4.0.0
2025-03-20 15:13:12,454 [WARN] PackLoader:240 - Cannot read IP mode file for STMicroelectronics.X-CUBE-AZRTOS-H7.3.3.0
2025-03-20 15:13:12,466 [WARN] ConditionMgr:438 - getConditionDescription Invalid condition id : UX DEVICE CLASS RTOS Condition cause : null
2025-03-20 15:13:12,466 [WARN] ConditionMgr:438 - getConditionDescription Invalid condition id : UX DEVICE CLASS RTOS Condition cause : null
2025-03-20 15:13:12,468 [WARN] PackLoader:240 - Cannot read IP mode file for STMicroelectronics.X-CUBE-AZRTOS-WB.2.0.0
2025-03-20 15:13:12,468 [WARN] ConditionMgr:1044 - genDependencies : Invalid condition id : UX DEVICE CLASS RTOS Condition cause : null
2025-03-20 15:13:12,468 [WARN] ConditionMgr:1044 - genDependencies : Invalid condition id : UX DEVICE CLASS RTOS Condition cause : null
2025-03-20 15:13:12,468 [WARN] ConditionMgr:1044 - genDependencies : Invalid condition id : UX DEVICE CLASS RTOS Condition cause : null
2025-03-20 15:13:12,468 [WARN] ConditionMgr:1044 - genDependencies : Invalid condition id : UX DEVICE CLASS RTOS Condition cause : null
2025-03-20 15:13:12,469 [WARN] ConditionMgr:1044 - genDependencies : Invalid condition id : UX DEVICE CLASS RTOS Condition cause : null
2025-03-20 15:13:12,473 [WARN] PackLoader:240 - Cannot read IP mode file for STMicroelectronics.X-CUBE-GNSS1.7.0.1
2025-03-20 15:13:12,478 [WARN] PackLoader:240 - Cannot read IP mode file for STMicroelectronics.X-CUBE-TOUCHGFX.4.25.0
2025-03-20 15:13:12,482 [WARN] PackLoader:240 - Cannot read IP mode file for STMicroelectronics.FP-SNS-STBOX1.2.0.0
2025-03-20 15:13:12,489 [WARN] PackLoader:240 - Cannot read IP mode file for STMicroelectronics.X-CUBE-SUBG2.5.0.0
2025-03-20 15:13:12,501 [WARN] PackLoader:240 - Cannot read IP mode file for STMicroelectronics.X-CUBE-AZRTOS-H7RS.1.1.0
2025-03-20 15:13:12,506 [WARN] PackLoader:240 - Cannot read IP mode file for Cesanta.I-CUBE-Mongoose.7.13.0
2025-03-20 15:13:12,516 [WARN] PackLoader:240 - Cannot read IP mode file for STMicroelectronics.X-CUBE-AZRTOS-G4.2.0.0
2025-03-20 15:13:12,528 [WARN] PackLoader:240 - Cannot read IP mode file for STMicroelectronics.X-CUBE-IPS.3.1.0
2025-03-20 15:13:12,534 [WARN] PackLoader:240 - Cannot read IP mode file for STMicroelectronics.X-CUBE-ALS.1.0.2
2025-03-20 15:13:12,537 [WARN] PackLoader:240 - Cannot read IP mode file for STMicroelectronics.X-CUBE-TOUCHGFX.4.24.2
2025-03-20 15:13:12,540 [WARN] PackLoader:240 - Cannot read IP mode file for wolfSSL.I-CUBE-wolfTPM.3.4.0
2025-03-20 15:13:12,545 [WARN] PackLoader:240 - Cannot read IP mode file for portGmbH.I-Cube-SoM-uGOAL.1.1.0
2025-03-20 15:13:12,554 [WARN] PackLoader:240 - Cannot read IP mode file for STMicroelectronics.X-CUBE-AZRTOS-H7RS.1.0.0
2025-03-20 15:13:12,565 [WARN] PackLoader:240 - Cannot read IP mode file for STMicroelectronics.X-CUBE-TOF1.3.4.2
2025-03-20 15:13:12,575 [WARN] PackLoader:240 - Cannot read IP mode file for wolfSSL.I-CUBE-wolfSSH.1.4.17
2025-03-20 15:13:12,576 [INFO] ThirdParty:978 - Integrity check success = true
2025-03-20 15:13:12,576 [INFO] IntegrityCheckThread:100 - exiting critical section [integrity check]
2025-03-20 15:13:12,576 [INFO] IntegrityCheckThread:103 - End integrity checks thread
2025-03-20 15:13:35,818 [INFO] WebApp:194 - Connection lost
2025-03-20 15:13:36,069 [INFO] WebApp:191 - Connection restablished
2025-03-20 15:52:09,687 [INFO] WebApp:194 - Connection lost
2025-03-20 15:52:10,267 [INFO] WebApp:191 - Connection restablished
2025-03-20 15:52:13,317 [INFO] WebApp:194 - Connection lost
2025-03-20 15:52:13,567 [INFO] WebApp:191 - Connection restablished
2025-03-20 15:52:16,462 [INFO] WebApp:194 - Connection lost
2025-03-20 15:52:16,698 [INFO] WebApp:191 - Connection restablished
2025-03-20 16:41:28,326 [INFO] WebApp:194 - Connection lost
2025-03-20 16:41:28,512 [INFO] WebApp:191 - Connection restablished
2025-03-20 16:41:30,458 [INFO] WebApp:194 - Connection lost
2025-03-20 16:41:30,651 [INFO] WebApp:191 - Connection restablished
2025-03-20 17:04:50,744 [INFO] WebApp:194 - Connection lost
2025-03-20 17:04:51,032 [INFO] WebApp:191 - Connection restablished
2025-03-20 17:04:54,324 [INFO] WebApp:194 - Connection lost
2025-03-20 17:04:54,518 [INFO] WebApp:191 - Connection restablished
2025-03-20 17:04:57,451 [INFO] WebApp:194 - Connection lost
2025-03-20 17:04:57,657 [INFO] WebApp:191 - Connection restablished
2025-03-20 17:49:41,850 [INFO] WebApp:194 - Connection lost
2025-03-20 17:49:42,217 [INFO] WebApp:191 - Connection restablished
2025-03-20 17:49:45,332 [INFO] WebApp:194 - Connection lost
2025-03-20 17:49:45,530 [INFO] WebApp:191 - Connection restablished
2025-03-20 19:36:16,298 [INFO] WebApp:194 - Connection lost
2025-03-20 19:36:16,542 [INFO] WebApp:191 - Connection restablished
2025-03-20 19:36:18,835 [INFO] WebApp:194 - Connection lost
2025-03-20 19:36:19,076 [INFO] WebApp:191 - Connection restablished
2025-03-20 19:36:21,962 [INFO] WebApp:194 - Connection lost
2025-03-20 19:36:22,205 [INFO] WebApp:191 - Connection restablished
2025-03-20 19:38:07,599 [ERROR] LogOutputStream:75 - [STDERR_REDIRECT] Exception in thread "org.eclipse.cdt.internal.ui.text.CReconciler" java.util.ConcurrentModificationException
2025-03-20 19:38:07,603 [ERROR] LogOutputStream:75 - [STDERR_REDIRECT] 	at java.base/java.util.HashMap$HashIterator.nextNode(HashMap.java:1605)
2025-03-20 19:38:07,605 [ERROR] LogOutputStream:75 - [STDERR_REDIRECT] 	at java.base/java.util.HashMap$ValueIterator.next(HashMap.java:1633)
2025-03-20 19:38:07,607 [ERROR] LogOutputStream:75 - [STDERR_REDIRECT] 	at org.eclipse.cdt.internal.core.model.CModelManager.mergeDeltas(CModelManager.java:1222)
2025-03-20 19:38:07,608 [ERROR] LogOutputStream:75 - [STDERR_REDIRECT] 	at org.eclipse.cdt.internal.core.model.CModelManager.fireReconcileDelta(CModelManager.java:1145)
2025-03-20 19:38:07,609 [ERROR] LogOutputStream:75 - [STDERR_REDIRECT] 	at org.eclipse.cdt.internal.core.model.CModelManager.fire(CModelManager.java:1106)
2025-03-20 19:38:07,610 [ERROR] LogOutputStream:75 - [STDERR_REDIRECT] 	at org.eclipse.cdt.internal.core.model.CModelManager.fire(CModelManager.java:1062)
2025-03-20 19:38:07,612 [ERROR] LogOutputStream:75 - [STDERR_REDIRECT] 	at org.eclipse.cdt.internal.core.model.CModelOperation.run(CModelOperation.java:621)
2025-03-20 19:38:07,613 [ERROR] LogOutputStream:75 - [STDERR_REDIRECT] 	at org.eclipse.cdt.internal.core.model.CModelOperation.runOperation(CModelOperation.java:641)
2025-03-20 19:38:07,615 [ERROR] LogOutputStream:75 - [STDERR_REDIRECT] 	at org.eclipse.cdt.internal.core.model.WorkingCopy.reconcile(WorkingCopy.java:365)
2025-03-20 19:38:07,616 [ERROR] LogOutputStream:75 - [STDERR_REDIRECT] 	at org.eclipse.cdt.internal.ui.text.CReconcilingStrategy.reconcile(CReconcilingStrategy.java:79)
2025-03-20 19:38:07,617 [ERROR] LogOutputStream:75 - [STDERR_REDIRECT] 	at org.eclipse.cdt.internal.ui.text.CReconcilingStrategy.reconcile(CReconcilingStrategy.java:64)
2025-03-20 19:38:07,618 [ERROR] LogOutputStream:75 - [STDERR_REDIRECT] 	at org.eclipse.cdt.internal.ui.text.CompositeReconcilingStrategy.reconcile(CompositeReconcilingStrategy.java:89)
2025-03-20 19:38:07,620 [ERROR] LogOutputStream:75 - [STDERR_REDIRECT] 	at org.eclipse.cdt.internal.ui.text.CCompositeReconcilingStrategy.reconcile(CCompositeReconcilingStrategy.java:90)
2025-03-20 19:38:07,621 [ERROR] LogOutputStream:75 - [STDERR_REDIRECT] 	at org.eclipse.jface.text.reconciler.MonoReconciler.process(MonoReconciler.java:78)
2025-03-20 19:38:07,622 [ERROR] LogOutputStream:75 - [STDERR_REDIRECT] 	at org.eclipse.cdt.internal.ui.text.CReconciler.process(CReconciler.java:346)
2025-03-20 19:38:07,624 [ERROR] LogOutputStream:75 - [STDERR_REDIRECT] 	at org.eclipse.jface.text.reconciler.AbstractReconciler$BackgroundThread.run(AbstractReconciler.java:207)
2025-03-20 20:07:16,326 [INFO] WebApp:194 - Connection lost
2025-03-20 20:07:17,230 [INFO] WebApp:191 - Connection restablished
2025-03-20 20:07:18,450 [INFO] WebApp:194 - Connection lost
2025-03-20 20:07:18,700 [INFO] WebApp:191 - Connection restablished
2025-03-20 20:07:27,693 [ERROR] LogOutputStream:75 - [STDERR_REDIRECT] 
2025-03-20 20:07:27,694 [ERROR] LogOutputStream:75 - [STDERR_REDIRECT] 
