2025-03-15 19:26:08,724 [INFO] Activator:176 - 


2025-03-15 19:26:08,729 [INFO] Activator:177 - !SESSION log4j initialized
2025-03-15 19:26:13,454 [INFO] LogOutputStream:77 - [STDOUT_REDIRECT] 
2025-03-15 19:26:19,487 [INFO] ApplicationProperties:184 - Using Application install path: C:\ST\STM32CubeIDE_1.17.0\STM32CubeIDE\plugins\com.st.stm32cube.common.mx_6.14.0.202502271554
2025-03-15 19:26:19,504 [INFO] DbMcusXml:78 - Set database path to: C:\ST\STM32CubeIDE_1.17.0\STM32CubeIDE\plugins\com.st.stm32cube.common.mx_6.14.0.202502271554\\db\/mcu/
2025-03-15 19:26:19,504 [INFO] ApiDb:274 - Set plugin database path to: C:\ST\STM32CubeIDE_1.17.0\STM32CubeIDE\plugins\com.st.stm32cube.common.mx_6.14.0.202502271554\\db\/plugins/boardmanager/
2025-03-15 19:26:19,505 [WARN] ApiDb:259 - Overriding images path with different value:  => C:\ST\STM32CubeIDE_1.17.0\STM32CubeIDE\plugins\com.st.stm32cube.common.mx_6.14.0.202502271554\\db\/plugins/mcufinder/images/
2025-03-15 19:26:19,514 [INFO] ApiDb:250 - Set database path to: C:\Users\verma\.stmcufinder\plugins\mcufinder//mcu/
2025-03-15 19:26:19,516 [INFO] DbMcusAds:125 - Set database path to: C:\Users\verma\.stmcufinder\plugins\mcufinder//mcu/
2025-03-15 19:26:19,518 [INFO] CrossReferenceDbSqlite:203 - Set database path to: C:\Users\verma\.stmcufinder\plugins\mcufinder//mcu/cs/
2025-03-15 19:26:19,618 [INFO] RulesReader:64 - Compatibility file has been processed (301 Rules)
2025-03-15 19:26:19,696 [INFO] DbMcusXml:78 - Set database path to: C:\ST\STM32CubeIDE_1.17.0\STM32CubeIDE\plugins\com.st.stm32cube.common.mx_6.14.0.202502271554\\db\/mcu/
2025-03-15 19:26:19,696 [INFO] ApiDb:274 - Set plugin database path to: C:\ST\STM32CubeIDE_1.17.0\STM32CubeIDE\plugins\com.st.stm32cube.common.mx_6.14.0.202502271554\\db\/plugins/boardmanager/
2025-03-15 19:26:19,696 [INFO] ApiDb:261 - Set plugin images path to: C:\ST\STM32CubeIDE_1.17.0\STM32CubeIDE\plugins\com.st.stm32cube.common.mx_6.14.0.202502271554\\db\/plugins/mcufinder/images/
2025-03-15 19:26:19,697 [WARN] DbFile:41 - Overriding database path with different value: C:\Users\verma\.stmcufinder\plugins\mcufinder/ => C:\Users\verma\.stmcufinder\plugins\mcufinder
2025-03-15 19:26:19,697 [INFO] ApiDb:250 - Set database path to: C:\Users\verma\.stmcufinder\plugins\mcufinder//mcu/
2025-03-15 19:26:19,697 [WARN] DbFile:41 - Overriding database path with different value: C:\Users\verma\.stmcufinder\plugins\mcufinder/ => C:\Users\verma\.stmcufinder\plugins\mcufinder
2025-03-15 19:26:19,697 [INFO] DbMcusAds:125 - Set database path to: C:\Users\verma\.stmcufinder\plugins\mcufinder//mcu/
2025-03-15 19:26:19,697 [WARN] DbFile:41 - Overriding database path with different value: C:\Users\verma\.stmcufinder\plugins\mcufinder/ => C:\Users\verma\.stmcufinder\plugins\mcufinder
2025-03-15 19:26:19,697 [WARN] DbFile:41 - Overriding database path with different value: C:\Users\verma\.stmcufinder\plugins\mcufinder/ => C:\Users\verma\.stmcufinder\plugins\mcufinder
2025-03-15 19:26:19,697 [INFO] CrossReferenceDbSqlite:203 - Set database path to: C:\Users\verma\.stmcufinder\plugins\mcufinder//mcu/cs/
2025-03-15 19:26:19,760 [INFO] MainPanel:272 - HeapMemory: 268435456
2025-03-15 19:26:19,854 [INFO] DbMcusXml:78 - Set database path to: C:\ST\STM32CubeIDE_1.17.0\STM32CubeIDE\plugins\com.st.stm32cube.common.mx_6.14.0.202502271554\\db\/mcu/
2025-03-15 19:26:19,854 [INFO] ApiDb:274 - Set plugin database path to: C:\ST\STM32CubeIDE_1.17.0\STM32CubeIDE\plugins\com.st.stm32cube.common.mx_6.14.0.202502271554\\db\/plugins/boardmanager/
2025-03-15 19:26:19,854 [INFO] ApiDb:261 - Set plugin images path to: C:\ST\STM32CubeIDE_1.17.0\STM32CubeIDE\plugins\com.st.stm32cube.common.mx_6.14.0.202502271554\\db\/plugins/mcufinder/images/
2025-03-15 19:26:19,854 [WARN] DbFile:41 - Overriding database path with different value: C:\Users\verma\.stmcufinder\plugins\mcufinder/ => C:\Users\verma\.stmcufinder\plugins\mcufinder
2025-03-15 19:26:19,855 [INFO] ApiDb:250 - Set database path to: C:\Users\verma\.stmcufinder\plugins\mcufinder//mcu/
2025-03-15 19:26:19,855 [WARN] DbFile:41 - Overriding database path with different value: C:\Users\verma\.stmcufinder\plugins\mcufinder/ => C:\Users\verma\.stmcufinder\plugins\mcufinder
2025-03-15 19:26:19,855 [INFO] DbMcusAds:125 - Set database path to: C:\Users\verma\.stmcufinder\plugins\mcufinder//mcu/
2025-03-15 19:26:19,855 [WARN] DbFile:41 - Overriding database path with different value: C:\Users\verma\.stmcufinder\plugins\mcufinder/ => C:\Users\verma\.stmcufinder\plugins\mcufinder
2025-03-15 19:26:19,855 [WARN] DbFile:41 - Overriding database path with different value: C:\Users\verma\.stmcufinder\plugins\mcufinder/ => C:\Users\verma\.stmcufinder\plugins\mcufinder
2025-03-15 19:26:19,855 [INFO] CrossReferenceDbSqlite:203 - Set database path to: C:\Users\verma\.stmcufinder\plugins\mcufinder//mcu/cs/
2025-03-15 19:26:19,871 [INFO] ApplicationProperties:184 - Using Application install path: C:\ST\STM32CubeIDE_1.17.0\STM32CubeIDE\plugins\com.st.stm32cube.common.mx_6.14.0.202502271554
2025-03-15 19:26:19,873 [INFO] PluginManage:196 - Search for loadable plugins [exclusion list=, ]
2025-03-15 19:26:19,874 [INFO] PluginManage:310 - Check plugin analytics
2025-03-15 19:26:24,550 [INFO] AnalyticsPlugin:253 - Accepted Software Licenses: 
2025-03-15 19:26:24,550 [INFO] AnalyticsPlugin:255 - Accepted CMSIS Pack Licenses: 
2025-03-15 19:26:24,551 [INFO] AnalyticsPlugin:257 - Accepted Firmware Licenses: FW.F4.1.28.0
2025-03-15 19:26:24,553 [INFO] PluginManage:359 - Loaded plugin analytics (category:tool,tabindex:-1)
2025-03-15 19:26:24,553 [INFO] PluginManage:310 - Check plugin cadmodel
2025-03-15 19:26:24,558 [INFO] CADModel:105 - Init CAD model plugin
2025-03-15 19:26:24,558 [INFO] PluginManage:359 - Loaded plugin cadmodel (category:power,tabindex:5)
2025-03-15 19:26:24,558 [INFO] PluginManage:310 - Check plugin clock
2025-03-15 19:26:24,566 [INFO] PluginManage:359 - Loaded plugin clock (category:base,tabindex:2)
2025-03-15 19:26:24,566 [INFO] PluginManage:310 - Check plugin ddr
2025-03-15 19:26:24,568 [INFO] PluginManage:359 - Loaded plugin ddr (category:tool,tabindex:6)
2025-03-15 19:26:24,569 [INFO] PluginManage:310 - Check plugin filemanager
2025-03-15 19:26:24,682 [INFO] PluginManage:359 - Loaded plugin filemanager (category:base,tabindex:10)
2025-03-15 19:26:24,682 [INFO] PluginManage:310 - Check plugin ipmanager
2025-03-15 19:26:24,688 [INFO] PluginManage:359 - Loaded plugin ipmanager (category:base,tabindex:5)
2025-03-15 19:26:24,688 [INFO] PluginManage:310 - Check plugin lpbam
2025-03-15 19:26:24,695 [INFO] PluginManage:359 - Loaded plugin lpbam (category:base,tabindex:0)
2025-03-15 19:26:24,695 [INFO] PluginManage:310 - Check plugin memorymap
2025-03-15 19:26:24,707 [INFO] PluginManage:359 - Loaded plugin memorymap (category:base,tabindex:4)
2025-03-15 19:26:24,707 [INFO] PluginManage:310 - Check plugin pinoutandconfiguration
2025-03-15 19:26:24,714 [INFO] PluginManage:359 - Loaded plugin pinoutandconfiguration (category:base,tabindex:1)
2025-03-15 19:26:24,714 [INFO] PluginManage:310 - Check plugin pinoutconfig
2025-03-15 19:26:24,783 [WARN] SupportedApi:132 - Cannot load RTOS API schema: s4s-elt-must-match.1: The content of 'definitions' must match (annotation?, (simpleType | complexType)?, (unique | key | keyref)*)). A problem was found starting at: attribute.
2025-03-15 19:26:24,894 [INFO] PluginManage:359 - Loaded plugin pinoutconfig (category:base,tabindex:0)
2025-03-15 19:26:24,894 [INFO] PluginManage:310 - Check plugin power
2025-03-15 19:26:24,902 [INFO] PluginManage:359 - Loaded plugin power (category:power,tabindex:4)
2025-03-15 19:26:24,902 [INFO] PluginManage:310 - Check plugin projectmanager
2025-03-15 19:26:24,916 [INFO] PluginManage:359 - Loaded plugin projectmanager (category:projectmanager,tabindex:4)
2025-03-15 19:26:24,916 [INFO] PluginManage:310 - Check plugin rif
2025-03-15 19:26:24,923 [INFO] PluginManage:359 - Loaded plugin rif (category:base,tabindex:3)
2025-03-15 19:26:24,923 [INFO] PluginManage:310 - Check plugin thirdparty
2025-03-15 19:26:25,115 [WARN] IntegrityCheckThread:84 - waiting for thirdparty lock release [integrity check]
2025-03-15 19:26:25,115 [INFO] IntegrityCheckThread:86 - entering critical section [integrity check]
2025-03-15 19:26:25,116 [INFO] PluginManage:359 - Loaded plugin thirdparty (category:base,tabindex:-1)
2025-03-15 19:26:25,116 [INFO] PluginManage:310 - Check plugin tools
2025-03-15 19:26:25,116 [INFO] ThirdPartyUpdaterWithRetryManager:70 - Updater plugin not ready yet. [1/15]
2025-03-15 19:26:25,120 [INFO] PluginManage:359 - Loaded plugin tools (category:base,tabindex:7)
2025-03-15 19:26:25,120 [INFO] PluginManage:310 - Check plugin tutovideos
2025-03-15 19:26:25,321 [INFO] PluginManage:359 - Loaded plugin tutovideos (category:base,tabindex:-1)
2025-03-15 19:26:25,321 [INFO] PluginManage:310 - Check plugin updater
2025-03-15 19:26:25,346 [INFO] PluginManage:359 - Loaded plugin updater (category:base,tabindex:12)
2025-03-15 19:26:25,346 [INFO] PluginManage:310 - Check plugin userauth
2025-03-15 19:26:25,353 [INFO] UserAuth:118 - Init User Auth plugin
2025-03-15 19:26:25,356 [INFO] PluginManage:359 - Loaded plugin userauth (category:base,tabindex:14)
2025-03-15 19:26:25,356 [INFO] PluginManage:283 - PluginManage : Loaded plugins [18]
2025-03-15 19:26:25,553 [INFO] PinOutPanel:1589 - setPackage(No Configuration,No Configuration)
2025-03-15 19:26:25,624 [INFO] CADModel:165 - CPN selected for project level
2025-03-15 19:26:25,625 [INFO] CADModel:114 - Register for checkConnection events
2025-03-15 19:26:25,645 [INFO] IPUIPlugin:80 - create IPUIPlugin
2025-03-15 19:26:25,645 [INFO] PluginManager:220 - loadIPPluginJar : add adc
2025-03-15 19:26:25,648 [INFO] IPUIPlugin:80 - create IPUIPlugin
2025-03-15 19:26:25,648 [INFO] PluginManager:220 - loadIPPluginJar : add aes
2025-03-15 19:26:25,650 [INFO] IPUIPlugin:80 - create IPUIPlugin
2025-03-15 19:26:25,650 [INFO] PluginManager:220 - loadIPPluginJar : add can
2025-03-15 19:26:25,651 [INFO] IPUIPlugin:80 - create IPUIPlugin
2025-03-15 19:26:25,651 [INFO] PluginManager:220 - loadIPPluginJar : add comp
2025-03-15 19:26:25,654 [INFO] IPUIPlugin:80 - create IPUIPlugin
2025-03-15 19:26:25,654 [INFO] PluginManager:220 - loadIPPluginJar : add cryp
2025-03-15 19:26:25,658 [INFO] IPUIPlugin:80 - create IPUIPlugin
2025-03-15 19:26:25,658 [INFO] PluginManager:220 - loadIPPluginJar : add ddr_ctrl_phy
2025-03-15 19:26:25,660 [INFO] IPUIPlugin:80 - create IPUIPlugin
2025-03-15 19:26:25,660 [INFO] PluginManager:220 - loadIPPluginJar : add dfsdm
2025-03-15 19:26:25,665 [INFO] IPUIPlugin:80 - create IPUIPlugin
2025-03-15 19:26:25,666 [INFO] PluginManager:220 - loadIPPluginJar : add dma
2025-03-15 19:26:25,668 [INFO] IPUIPlugin:80 - create IPUIPlugin
2025-03-15 19:26:25,668 [INFO] PluginManager:220 - loadIPPluginJar : add dma3
2025-03-15 19:26:25,671 [INFO] IPUIPlugin:80 - create IPUIPlugin
2025-03-15 19:26:25,671 [INFO] PluginManager:220 - loadIPPluginJar : add extmemmanager
2025-03-15 19:26:25,672 [INFO] IPUIPlugin:80 - create IPUIPlugin
2025-03-15 19:26:25,672 [INFO] PluginManager:220 - loadIPPluginJar : add fatfs
2025-03-15 19:26:25,677 [INFO] IPUIPlugin:80 - create IPUIPlugin
2025-03-15 19:26:25,677 [INFO] PluginManager:220 - loadIPPluginJar : add fmc
2025-03-15 19:26:25,682 [INFO] IPUIPlugin:80 - create IPUIPlugin
2025-03-15 19:26:25,682 [INFO] PluginManager:220 - loadIPPluginJar : add freertos
2025-03-15 19:26:25,683 [INFO] IPUIPlugin:80 - create IPUIPlugin
2025-03-15 19:26:25,683 [INFO] PluginManager:220 - loadIPPluginJar : add genericplugin
2025-03-15 19:26:25,689 [INFO] IPUIPlugin:80 - create IPUIPlugin
2025-03-15 19:26:25,689 [INFO] PluginManager:220 - loadIPPluginJar : add gfxmmu
2025-03-15 19:26:25,693 [INFO] IPUIPlugin:80 - create IPUIPlugin
2025-03-15 19:26:25,694 [INFO] PluginManager:220 - loadIPPluginJar : add gic
2025-03-15 19:26:25,698 [INFO] IPUIPlugin:80 - create IPUIPlugin
2025-03-15 19:26:25,698 [INFO] PluginManager:220 - loadIPPluginJar : add gpio
2025-03-15 19:26:25,700 [INFO] IPUIPlugin:80 - create IPUIPlugin
2025-03-15 19:26:25,700 [INFO] PluginManager:220 - loadIPPluginJar : add gtzc
2025-03-15 19:26:25,702 [INFO] IPUIPlugin:80 - create IPUIPlugin
2025-03-15 19:26:25,702 [INFO] PluginManager:220 - loadIPPluginJar : add hash
2025-03-15 19:26:25,704 [INFO] IPUIPlugin:80 - create IPUIPlugin
2025-03-15 19:26:25,704 [INFO] PluginManager:220 - loadIPPluginJar : add i2c
2025-03-15 19:26:25,707 [INFO] IPUIPlugin:80 - create IPUIPlugin
2025-03-15 19:26:25,707 [INFO] PluginManager:220 - loadIPPluginJar : add i2s
2025-03-15 19:26:25,709 [INFO] IPUIPlugin:80 - create IPUIPlugin
2025-03-15 19:26:25,709 [INFO] PluginManager:220 - loadIPPluginJar : add i3c
2025-03-15 19:26:25,712 [INFO] IPUIPlugin:80 - create IPUIPlugin
2025-03-15 19:26:25,712 [INFO] PluginManager:220 - loadIPPluginJar : add ipddr
2025-03-15 19:26:25,719 [INFO] IPUIPlugin:80 - create IPUIPlugin
2025-03-15 19:26:25,720 [INFO] PluginManager:220 - loadIPPluginJar : add linkedlist
2025-03-15 19:26:25,723 [INFO] IPUIPlugin:80 - create IPUIPlugin
2025-03-15 19:26:25,723 [INFO] PluginManager:220 - loadIPPluginJar : add lorawan
2025-03-15 19:26:25,724 [INFO] IPUIPlugin:80 - create IPUIPlugin
2025-03-15 19:26:25,724 [INFO] PluginManager:220 - loadIPPluginJar : add ltdc
2025-03-15 19:26:25,730 [INFO] IPUIPlugin:80 - create IPUIPlugin
2025-03-15 19:26:25,730 [INFO] PluginManager:220 - loadIPPluginJar : add mdma
2025-03-15 19:26:25,734 [INFO] IPUIPlugin:80 - create IPUIPlugin
2025-03-15 19:26:25,734 [INFO] PluginManager:220 - loadIPPluginJar : add nvic
2025-03-15 19:26:25,737 [INFO] IPUIPlugin:80 - create IPUIPlugin
2025-03-15 19:26:25,737 [INFO] PluginManager:220 - loadIPPluginJar : add opamp
2025-03-15 19:26:25,741 [INFO] IPUIPlugin:80 - create IPUIPlugin
2025-03-15 19:26:25,741 [INFO] PluginManager:220 - loadIPPluginJar : add openamp
2025-03-15 19:26:25,745 [INFO] IPUIPlugin:80 - create IPUIPlugin
2025-03-15 19:26:25,745 [INFO] PluginManager:220 - loadIPPluginJar : add pdm2pcm
2025-03-15 19:26:25,749 [INFO] IPUIPlugin:80 - create IPUIPlugin
2025-03-15 19:26:25,751 [INFO] PluginManager:220 - loadIPPluginJar : add plateformsettings
2025-03-15 19:26:25,753 [INFO] IPUIPlugin:80 - create IPUIPlugin
2025-03-15 19:26:25,753 [INFO] PluginManager:220 - loadIPPluginJar : add quadspi
2025-03-15 19:26:25,754 [INFO] IPUIPlugin:80 - create IPUIPlugin
2025-03-15 19:26:25,755 [INFO] PluginManager:220 - loadIPPluginJar : add radio
2025-03-15 19:26:25,766 [INFO] IPUIPlugin:80 - create IPUIPlugin
2025-03-15 19:26:25,767 [INFO] PluginManager:220 - loadIPPluginJar : add resmgrutility
2025-03-15 19:26:25,770 [INFO] IPUIPlugin:80 - create IPUIPlugin
2025-03-15 19:26:25,770 [INFO] PluginManager:220 - loadIPPluginJar : add sai
2025-03-15 19:26:25,773 [INFO] IPUIPlugin:80 - create IPUIPlugin
2025-03-15 19:26:25,773 [INFO] PluginManager:220 - loadIPPluginJar : add spi
2025-03-15 19:26:25,779 [INFO] IPUIPlugin:80 - create IPUIPlugin
2025-03-15 19:26:25,779 [INFO] PluginManager:220 - loadIPPluginJar : add stm32_wpan
2025-03-15 19:26:25,780 [INFO] IPUIPlugin:80 - create IPUIPlugin
2025-03-15 19:26:25,780 [INFO] PluginManager:220 - loadIPPluginJar : add tim
2025-03-15 19:26:25,784 [INFO] IPUIPlugin:80 - create IPUIPlugin
2025-03-15 19:26:25,784 [INFO] PluginManager:220 - loadIPPluginJar : add touchsensing
2025-03-15 19:26:25,786 [INFO] IPUIPlugin:80 - create IPUIPlugin
2025-03-15 19:26:25,786 [INFO] PluginManager:220 - loadIPPluginJar : add tracer_emb
2025-03-15 19:26:25,787 [INFO] IPUIPlugin:80 - create IPUIPlugin
2025-03-15 19:26:25,787 [INFO] PluginManager:220 - loadIPPluginJar : add ts
2025-03-15 19:26:25,788 [INFO] IPUIPlugin:80 - create IPUIPlugin
2025-03-15 19:26:25,788 [INFO] PluginManager:220 - loadIPPluginJar : add tsc
2025-03-15 19:26:25,791 [INFO] IPUIPlugin:80 - create IPUIPlugin
2025-03-15 19:26:25,791 [INFO] PluginManager:220 - loadIPPluginJar : add ucpd
2025-03-15 19:26:25,793 [INFO] IPUIPlugin:80 - create IPUIPlugin
2025-03-15 19:26:25,793 [INFO] PluginManager:220 - loadIPPluginJar : add usart
2025-03-15 19:26:25,796 [INFO] IPUIPlugin:80 - create IPUIPlugin
2025-03-15 19:26:25,796 [INFO] PluginManager:220 - loadIPPluginJar : add usbx
2025-03-15 19:26:25,911 [FATAL] Updater:351 - Updater called before beeing initialized
2025-03-15 19:26:25,931 [INFO] RulesReader:64 - Compatibility file has been processed (301 Rules)
2025-03-15 19:26:25,939 [INFO] RulesReader:64 - Compatibility file has been processed (301 Rules)
2025-03-15 19:26:25,948 [INFO] CADModel:165 - CPN selected for project level
2025-03-15 19:26:25,949 [INFO] CADModel:114 - Register for checkConnection events
2025-03-15 19:26:25,949 [FATAL] Updater:351 - Updater called before beeing initialized
2025-03-15 19:26:25,949 [ERROR] CADModel:125 - Updater not yet initialized, retry later 
2025-03-15 19:26:26,107 [FATAL] Updater:351 - Updater called before beeing initialized
2025-03-15 19:26:26,109 [INFO] CADModel:165 - CPN selected for project level
2025-03-15 19:26:26,109 [INFO] CADModel:114 - Register for checkConnection events
2025-03-15 19:26:26,109 [FATAL] Updater:351 - Updater called before beeing initialized
2025-03-15 19:26:26,109 [ERROR] CADModel:125 - Updater not yet initialized, retry later 
2025-03-15 19:26:26,113 [FATAL] Updater:351 - Updater called before beeing initialized
2025-03-15 19:26:26,215 [FATAL] Updater:351 - Updater called before beeing initialized
2025-03-15 19:26:26,217 [INFO] DbMcusAds:53 - JSON generation date=Thu Mar 06 20:24:21 IST 2025 (1741272861825)
2025-03-15 19:26:26,217 [FATAL] Updater:351 - Updater called before beeing initialized
2025-03-15 19:26:26,247 [WARN] DetailPanel:346 - Failed to get advertising image, set to default
2025-03-15 19:26:26,451 [FATAL] Updater:351 - Updater called before beeing initialized
2025-03-15 19:26:26,453 [FATAL] Updater:351 - Updater called before beeing initialized
2025-03-15 19:26:26,453 [FATAL] Updater:351 - Updater called before beeing initialized
2025-03-15 19:26:26,453 [WARN] DetailPanel:346 - Failed to get advertising image, set to default
2025-03-15 19:26:26,454 [FATAL] Updater:351 - Updater called before beeing initialized
2025-03-15 19:26:26,491 [ERROR] Updater:1198 - MainUpdater not yet initialized. External WinMGr cannot be set.
2025-03-15 19:26:26,493 [INFO] Updater:1134 - Updater Version found : 6.14.0
2025-03-15 19:26:26,508 [INFO] ApplicationProperties:184 - Using Application install path: C:\ST\STM32CubeIDE_1.17.0\STM32CubeIDE\plugins\com.st.stm32cube.common.mx_6.14.0.202502271554
2025-03-15 19:26:28,075 [ERROR] LogOutputStream:75 - [STDERR_REDIRECT] Mar 15, 2025 7:26:28 PM java.util.prefs.WindowsPreferences <init>
2025-03-15 19:26:28,076 [ERROR] LogOutputStream:75 - [STDERR_REDIRECT] WARNING: Could not open/create prefs root node Software\JavaSoft\Prefs at root 0xffffffff80000002. Windows RegCreateKeyEx(...) returned error code 5.
2025-03-15 19:26:28,076 [ERROR] LogOutputStream:75 - [STDERR_REDIRECT] 
2025-03-15 19:26:28,117 [INFO] ThirdPartyUpdaterWithRetryManager:70 - Updater plugin not ready yet. [2/15]
2025-03-15 19:26:28,387 [INFO] MainUpdater:2872 - connection check result : 10
2025-03-15 19:26:28,388 [INFO] MainUpdater:289 - Updater Check For Update Now.
2025-03-15 19:26:28,388 [INFO] MicroXplorer:498 - Change Database Version : DB.6.0.140
2025-03-15 19:26:28,393 [INFO] McuFinderGlobals:63 - Set McuFinder mode to 2 (CubeIDE integrated)
2025-03-15 19:26:28,394 [INFO] UserAuth:486 - Internet connection configuration mode: 1
2025-03-15 19:26:28,432 [INFO] JxBrowserEngine:152 - Initiate JxBrowser Engine with user profile folder
2025-03-15 19:26:28,557 [INFO] CheckServerUpdateThread:120 - End of CheckServer Thread
2025-03-15 19:26:29,595 [INFO] WebApp:169 - Instantiating new browser for Auth
2025-03-15 19:26:30,184 [INFO] WebApp:463 - Apply proxy settings
2025-03-15 19:26:30,184 [INFO] WebApp:548 - Chromium requires no authentication
2025-03-15 19:26:30,191 [INFO] WebApp:491 - Direct internet connection detected
2025-03-15 19:26:30,211 [INFO] WebApp:894 - Register for checkConnection events
2025-03-15 19:26:30,211 [INFO] WebApp:463 - Apply proxy settings
2025-03-15 19:26:30,211 [INFO] WebApp:548 - Chromium requires no authentication
2025-03-15 19:26:30,212 [INFO] WebApp:491 - Direct internet connection detected
2025-03-15 19:26:30,360 [INFO] WebApp:225 - Starting web application
2025-03-15 19:26:30,360 [INFO] WebApp:593 - Web application path used C:\ST\STM32CubeIDE_1.17.0\STM32CubeIDE\plugins\com.st.stm32cube.common.mx_6.14.0.202502271554\db\plugins\mcufinder\reactClient1\index.html
2025-03-15 19:26:30,474 [INFO] UserAuth:486 - Internet connection configuration mode: 1
2025-03-15 19:26:30,566 [INFO] WebApp:191 - Connection restablished
2025-03-15 19:26:31,304 [WARN] PackLoader:240 - Cannot read IP mode file for STMicroelectronics.FP-SNS-MOTENVWB1.1.4.0
2025-03-15 19:26:31,311 [WARN] PackLoader:240 - Cannot read IP mode file for STMicroelectronics.FP-ATR-ASTRA1.2.0.2
2025-03-15 19:26:31,315 [WARN] PackLoader:240 - Cannot read IP mode file for STMicroelectronics.FP-ATR-ASTRA1.2.0.1
2025-03-15 19:26:31,322 [WARN] PackLoader:240 - Cannot read IP mode file for STMicroelectronics.X-CUBE-SMBUS.2.1.0
2025-03-15 19:26:31,328 [WARN] PackLoader:240 - Cannot read IP mode file for STMicroelectronics.X-CUBE-WB05N.1.1.0
2025-03-15 19:26:31,349 [WARN] PackLoader:240 - Cannot read IP mode file for STMicroelectronics.X-CUBE-AZRTOS-F7.1.1.0
2025-03-15 19:26:31,355 [WARN] PackLoader:240 - Cannot read IP mode file for STMicroelectronics.FP-SNS-FLIGHT1.5.0.2
2025-03-15 19:26:31,375 [WARN] PackLoader:240 - Cannot read IP mode file for Infineon.AIROC-Wi-Fi-Bluetooth-STM32.1.7.0
2025-03-15 19:26:31,386 [WARN] PackLoader:240 - Cannot read IP mode file for STMicroelectronics.X-CUBE-DISPLAY.3.0.0
2025-03-15 19:26:31,394 [WARN] PackLoader:240 - Cannot read IP mode file for STMicroelectronics.X-CUBE-BLE1.7.0.0
2025-03-15 19:26:31,399 [WARN] PackLoader:240 - Cannot read IP mode file for STMicroelectronics.X-CUBE-NFC10.1.0.0
2025-03-15 19:26:31,407 [WARN] PackLoader:240 - Cannot read IP mode file for STMicroelectronics.X-CUBE-BLEMGR.4.0.0
2025-03-15 19:26:31,414 [WARN] PackLoader:240 - Cannot read IP mode file for emotas.I-CUBE-CANOPEN.1.3.0
2025-03-15 19:26:31,417 [WARN] PackLoader:240 - Cannot read IP mode file for STMicroelectronics.X-CUBE-AI.10.0.0
2025-03-15 19:26:31,428 [WARN] PackLoader:240 - Cannot read IP mode file for STMicroelectronics.FP-SNS-SMARTAG2.1.2.0
2025-03-15 19:26:31,431 [WARN] PackLoader:240 - Cannot read IP mode file for STMicroelectronics.FP-SNS-FLIGHT1.5.1.0
2025-03-15 19:26:31,460 [WARN] PackLoader:240 - Cannot read IP mode file for STMicroelectronics.X-CUBE-MEMS1.11.1.0
2025-03-15 19:26:31,561 [INFO] LogOutputStream:77 - [STDOUT_REDIRECT] 1 : Invalid condition id : UX_CORESTACK_Condition cause : null
2025-03-15 19:26:31,562 [INFO] LogOutputStream:77 - [STDOUT_REDIRECT] 1 : Invalid condition id : UX_CORESTACK_Condition cause : null
2025-03-15 19:26:31,563 [INFO] LogOutputStream:77 - [STDOUT_REDIRECT] 1 : Invalid condition id : UX_CORESTACK_Condition cause : null
2025-03-15 19:26:31,564 [INFO] LogOutputStream:77 - [STDOUT_REDIRECT] 1 : Invalid condition id : UX_CORESTACK_Condition cause : null
2025-03-15 19:26:31,566 [INFO] LogOutputStream:77 - [STDOUT_REDIRECT] 1 : Invalid condition id : UX_CORESTACK_Condition cause : null
2025-03-15 19:26:31,568 [WARN] PackLoader:240 - Cannot read IP mode file for STMicroelectronics.X-CUBE-AZRTOS-WL.2.0.0
2025-03-15 19:26:31,575 [WARN] PackLoader:240 - Cannot read IP mode file for STMicroelectronics.FP-SNS-MOTENV1.5.0.0
2025-03-15 19:26:31,579 [WARN] PackLoader:240 - Cannot read IP mode file for wolfSSL.I-CUBE-wolfMQTT.1.19.0
2025-03-15 19:26:31,588 [WARN] PackLoader:240 - Cannot read IP mode file for WES.I-CUBE-Cesium.1.3.0
2025-03-15 19:26:31,593 [WARN] PackLoader:240 - Cannot read IP mode file for STMicroelectronics.X-CUBE-BLE2.3.3.0
2025-03-15 19:26:31,600 [WARN] PackLoader:240 - Cannot read IP mode file for STMicroelectronics.X-CUBE-NFC9.1.0.0
2025-03-15 19:26:31,606 [WARN] PackLoader:240 - Cannot read IP mode file for STMicroelectronics.X-CUBE-BLE1.7.1.0
2025-03-15 19:26:31,644 [WARN] PackLoader:240 - Cannot read IP mode file for STMicroelectronics.X-CUBE-AZRTOS-G0.1.1.0
2025-03-15 19:26:31,650 [WARN] PackLoader:240 - Cannot read IP mode file for STMicroelectronics.X-CUBE-SAFEA1.1.2.2
2025-03-15 19:26:31,656 [WARN] PackLoader:240 - Cannot read IP mode file for STMicroelectronics.X-CUBE-NFC4.3.0.0
2025-03-15 19:26:31,665 [WARN] PackLoader:240 - Cannot read IP mode file for EmbeddedOffice.I-CUBE-FS-RTOS.1.0.1
2025-03-15 19:26:31,670 [WARN] PackLoader:240 - Cannot read IP mode file for STMicroelectronics.X-CUBE-TCPP.4.2.0
2025-03-15 19:26:31,676 [WARN] PackLoader:240 - Cannot read IP mode file for RealThread.X-CUBE-RT-Thread_Nano.4.1.1
2025-03-15 19:26:31,681 [WARN] PackLoader:240 - Cannot read IP mode file for STMicroelectronics.FP-ATR-SIGFOX1.3.2.0
2025-03-15 19:26:31,684 [WARN] ConditionMgr:438 - getConditionDescription Invalid condition id : Cortex-A Device cause : null
2025-03-15 19:26:31,698 [WARN] ConditionMgr:1044 - genDependencies : Invalid condition id : Cortex-A Device cause : null
2025-03-15 19:26:31,698 [WARN] ConditionMgr:1044 - genDependencies : Invalid condition id : Cortex-A Device cause : null
2025-03-15 19:26:31,698 [WARN] ConditionMgr:1044 - genDependencies : Invalid condition id : Cortex-A Device cause : null
2025-03-15 19:26:31,702 [WARN] PackLoader:240 - Cannot read IP mode file for STMicroelectronics.X-CUBE-EEPRMA1.5.1.0
2025-03-15 19:26:31,707 [WARN] PackLoader:240 - Cannot read IP mode file for wolfSSL.I-CUBE-wolfSSL.5.7.6
2025-03-15 19:26:31,712 [WARN] PackLoader:240 - Cannot read IP mode file for ITTIA_DB.I-CUBE-ITTIADB.8.9.0
2025-03-15 19:26:31,729 [WARN] PackLoader:240 - Cannot read IP mode file for SEGGER.I-CUBE-embOS.1.3.1
2025-03-15 19:26:31,757 [WARN] PackLoader:240 - Cannot read IP mode file for STMicroelectronics.X-CUBE-ALGOBUILD.1.4.0
2025-03-15 19:26:31,767 [WARN] PackLoader:240 - Cannot read IP mode file for STMicroelectronics.X-CUBE-AZRTOS-F4.1.1.0
2025-03-15 19:26:31,773 [WARN] PackLoader:240 - Cannot read IP mode file for STMicroelectronics.X-CUBE-ISPU.2.1.0
2025-03-15 19:26:31,786 [WARN] PackLoader:240 - Cannot read IP mode file for STMicroelectronics.X-CUBE-AZRTOS-L5.2.0.0
2025-03-15 19:26:31,793 [WARN] PackLoader:240 - Cannot read IP mode file for STMicroelectronics.X-CUBE-NFC6.3.1.0
2025-03-15 19:26:31,798 [WARN] PackLoader:240 - Cannot read IP mode file for STMicroelectronics.X-CUBE-DPower.1.2.0
2025-03-15 19:26:31,803 [WARN] PackLoader:240 - Cannot read IP mode file for STMicroelectronics.X-CUBE-FREERTOS.1.3.0
2025-03-15 19:26:31,808 [WARN] PackLoader:240 - Cannot read IP mode file for STMicroelectronics.X-CUBE-NFC7.1.0.1
2025-03-15 19:26:31,817 [WARN] ConditionMgr:438 - getConditionDescription Invalid condition id : LAN8742 Phy interface Condition cause : null
2025-03-15 19:26:31,817 [WARN] PackLoader:240 - Cannot read IP mode file for STMicroelectronics.X-CUBE-AZRTOS-L4.2.0.0
2025-03-15 19:26:31,818 [WARN] ConditionMgr:1044 - genDependencies : Invalid condition id : LAN8742 Phy interface Condition cause : null
2025-03-15 19:26:31,818 [WARN] ConditionMgr:1044 - genDependencies : Invalid condition id : LAN8742 Phy interface Condition cause : null
2025-03-15 19:26:31,818 [WARN] ConditionMgr:1044 - genDependencies : Invalid condition id : LAN8742 Phy interface Condition cause : null
2025-03-15 19:26:31,825 [WARN] PackLoader:240 - Cannot read IP mode file for STMicroelectronics.X-CUBE-SFXS2LP1.4.0.0
2025-03-15 19:26:31,840 [WARN] PackLoader:240 - Cannot read IP mode file for STMicroelectronics.X-CUBE-AZRTOS-H7.3.3.0
2025-03-15 19:26:31,853 [WARN] ConditionMgr:438 - getConditionDescription Invalid condition id : UX DEVICE CLASS RTOS Condition cause : null
2025-03-15 19:26:31,854 [WARN] ConditionMgr:438 - getConditionDescription Invalid condition id : UX DEVICE CLASS RTOS Condition cause : null
2025-03-15 19:26:31,855 [WARN] PackLoader:240 - Cannot read IP mode file for STMicroelectronics.X-CUBE-AZRTOS-WB.2.0.0
2025-03-15 19:26:31,855 [WARN] ConditionMgr:1044 - genDependencies : Invalid condition id : UX DEVICE CLASS RTOS Condition cause : null
2025-03-15 19:26:31,855 [WARN] ConditionMgr:1044 - genDependencies : Invalid condition id : UX DEVICE CLASS RTOS Condition cause : null
2025-03-15 19:26:31,856 [WARN] ConditionMgr:1044 - genDependencies : Invalid condition id : UX DEVICE CLASS RTOS Condition cause : null
2025-03-15 19:26:31,856 [WARN] ConditionMgr:1044 - genDependencies : Invalid condition id : UX DEVICE CLASS RTOS Condition cause : null
2025-03-15 19:26:31,856 [WARN] ConditionMgr:1044 - genDependencies : Invalid condition id : UX DEVICE CLASS RTOS Condition cause : null
2025-03-15 19:26:31,861 [WARN] PackLoader:240 - Cannot read IP mode file for STMicroelectronics.X-CUBE-GNSS1.7.0.1
2025-03-15 19:26:31,867 [WARN] PackLoader:240 - Cannot read IP mode file for STMicroelectronics.X-CUBE-TOUCHGFX.4.25.0
2025-03-15 19:26:31,871 [WARN] PackLoader:240 - Cannot read IP mode file for STMicroelectronics.FP-SNS-STBOX1.2.0.0
2025-03-15 19:26:31,878 [WARN] PackLoader:240 - Cannot read IP mode file for STMicroelectronics.X-CUBE-SUBG2.5.0.0
2025-03-15 19:26:31,884 [WARN] PackLoader:240 - Cannot read IP mode file for Cesanta.I-CUBE-Mongoose.7.13.0
2025-03-15 19:26:31,893 [WARN] PackLoader:240 - Cannot read IP mode file for STMicroelectronics.X-CUBE-AZRTOS-G4.2.0.0
2025-03-15 19:26:31,902 [WARN] PackLoader:240 - Cannot read IP mode file for STMicroelectronics.X-CUBE-IPS.3.1.0
2025-03-15 19:26:31,909 [WARN] PackLoader:240 - Cannot read IP mode file for STMicroelectronics.X-CUBE-ALS.1.0.2
2025-03-15 19:26:31,912 [WARN] PackLoader:240 - Cannot read IP mode file for STMicroelectronics.X-CUBE-TOUCHGFX.4.24.2
2025-03-15 19:26:31,915 [WARN] PackLoader:240 - Cannot read IP mode file for wolfSSL.I-CUBE-wolfTPM.3.4.0
2025-03-15 19:26:31,919 [WARN] PackLoader:240 - Cannot read IP mode file for portGmbH.I-Cube-SoM-uGOAL.1.1.0
2025-03-15 19:26:31,928 [WARN] PackLoader:240 - Cannot read IP mode file for STMicroelectronics.X-CUBE-AZRTOS-H7RS.1.0.0
2025-03-15 19:26:31,938 [WARN] PackLoader:240 - Cannot read IP mode file for STMicroelectronics.X-CUBE-TOF1.3.4.2
2025-03-15 19:26:31,954 [WARN] PackLoader:240 - Cannot read IP mode file for wolfSSL.I-CUBE-wolfSSH.1.4.17
2025-03-15 19:26:31,954 [INFO] ThirdParty:978 - Integrity check success = true
2025-03-15 19:26:31,955 [INFO] IntegrityCheckThread:100 - exiting critical section [integrity check]
2025-03-15 19:26:31,955 [INFO] IntegrityCheckThread:103 - End integrity checks thread
2025-03-15 20:08:31,558 [ERROR] LogOutputStream:75 - [STDERR_REDIRECT] 
