2025-03-24 09:16:36,320 [INFO] Activator:176 - 


2025-03-24 09:16:36,325 [INFO] Activator:177 - !SESSION log4j initialized
2025-03-24 09:16:44,369 [INFO] LogOutputStream:77 - [STDOUT_REDIRECT] 
2025-03-24 09:16:50,354 [INFO] ApplicationProperties:184 - Using Application install path: C:\ST\STM32CubeIDE_1.17.0\STM32CubeIDE\plugins\com.st.stm32cube.common.mx_6.14.0.202502271554
2025-03-24 09:16:50,375 [INFO] DbMcusXml:78 - Set database path to: C:\ST\STM32CubeIDE_1.17.0\STM32CubeIDE\plugins\com.st.stm32cube.common.mx_6.14.0.202502271554\\db\/mcu/
2025-03-24 09:16:50,376 [INFO] ApiDb:274 - Set plugin database path to: C:\ST\STM32CubeIDE_1.17.0\STM32CubeIDE\plugins\com.st.stm32cube.common.mx_6.14.0.202502271554\\db\/plugins/boardmanager/
2025-03-24 09:16:50,409 [WARN] ApiDb:259 - Overriding images path with different value:  => C:\ST\STM32CubeIDE_1.17.0\STM32CubeIDE\plugins\com.st.stm32cube.common.mx_6.14.0.202502271554\\db\/plugins/mcufinder/images/
2025-03-24 09:16:50,416 [INFO] ApiDb:250 - Set database path to: C:\Users\verma\.stmcufinder\plugins\mcufinder//mcu/
2025-03-24 09:16:50,417 [INFO] DbMcusAds:125 - Set database path to: C:\Users\verma\.stmcufinder\plugins\mcufinder//mcu/
2025-03-24 09:16:50,420 [INFO] CrossReferenceDbSqlite:203 - Set database path to: C:\Users\verma\.stmcufinder\plugins\mcufinder//mcu/cs/
2025-03-24 09:16:50,545 [INFO] RulesReader:64 - Compatibility file has been processed (301 Rules)
2025-03-24 09:16:50,680 [INFO] DbMcusXml:78 - Set database path to: C:\ST\STM32CubeIDE_1.17.0\STM32CubeIDE\plugins\com.st.stm32cube.common.mx_6.14.0.202502271554\\db\/mcu/
2025-03-24 09:16:50,680 [INFO] ApiDb:274 - Set plugin database path to: C:\ST\STM32CubeIDE_1.17.0\STM32CubeIDE\plugins\com.st.stm32cube.common.mx_6.14.0.202502271554\\db\/plugins/boardmanager/
2025-03-24 09:16:50,680 [INFO] ApiDb:261 - Set plugin images path to: C:\ST\STM32CubeIDE_1.17.0\STM32CubeIDE\plugins\com.st.stm32cube.common.mx_6.14.0.202502271554\\db\/plugins/mcufinder/images/
2025-03-24 09:16:50,681 [WARN] DbFile:41 - Overriding database path with different value: C:\Users\verma\.stmcufinder\plugins\mcufinder/ => C:\Users\verma\.stmcufinder\plugins\mcufinder
2025-03-24 09:16:50,681 [INFO] ApiDb:250 - Set database path to: C:\Users\verma\.stmcufinder\plugins\mcufinder//mcu/
2025-03-24 09:16:50,681 [WARN] DbFile:41 - Overriding database path with different value: C:\Users\verma\.stmcufinder\plugins\mcufinder/ => C:\Users\verma\.stmcufinder\plugins\mcufinder
2025-03-24 09:16:50,681 [INFO] DbMcusAds:125 - Set database path to: C:\Users\verma\.stmcufinder\plugins\mcufinder//mcu/
2025-03-24 09:16:50,681 [WARN] DbFile:41 - Overriding database path with different value: C:\Users\verma\.stmcufinder\plugins\mcufinder/ => C:\Users\verma\.stmcufinder\plugins\mcufinder
2025-03-24 09:16:50,681 [WARN] DbFile:41 - Overriding database path with different value: C:\Users\verma\.stmcufinder\plugins\mcufinder/ => C:\Users\verma\.stmcufinder\plugins\mcufinder
2025-03-24 09:16:50,681 [INFO] CrossReferenceDbSqlite:203 - Set database path to: C:\Users\verma\.stmcufinder\plugins\mcufinder//mcu/cs/
2025-03-24 09:16:50,762 [INFO] MainPanel:272 - HeapMemory: 268435456
2025-03-24 09:16:50,909 [INFO] DbMcusXml:78 - Set database path to: C:\ST\STM32CubeIDE_1.17.0\STM32CubeIDE\plugins\com.st.stm32cube.common.mx_6.14.0.202502271554\\db\/mcu/
2025-03-24 09:16:50,909 [INFO] ApiDb:274 - Set plugin database path to: C:\ST\STM32CubeIDE_1.17.0\STM32CubeIDE\plugins\com.st.stm32cube.common.mx_6.14.0.202502271554\\db\/plugins/boardmanager/
2025-03-24 09:16:50,910 [INFO] ApiDb:261 - Set plugin images path to: C:\ST\STM32CubeIDE_1.17.0\STM32CubeIDE\plugins\com.st.stm32cube.common.mx_6.14.0.202502271554\\db\/plugins/mcufinder/images/
2025-03-24 09:16:50,910 [WARN] DbFile:41 - Overriding database path with different value: C:\Users\verma\.stmcufinder\plugins\mcufinder/ => C:\Users\verma\.stmcufinder\plugins\mcufinder
2025-03-24 09:16:50,911 [INFO] ApiDb:250 - Set database path to: C:\Users\verma\.stmcufinder\plugins\mcufinder//mcu/
2025-03-24 09:16:50,911 [WARN] DbFile:41 - Overriding database path with different value: C:\Users\verma\.stmcufinder\plugins\mcufinder/ => C:\Users\verma\.stmcufinder\plugins\mcufinder
2025-03-24 09:16:50,911 [INFO] DbMcusAds:125 - Set database path to: C:\Users\verma\.stmcufinder\plugins\mcufinder//mcu/
2025-03-24 09:16:50,911 [WARN] DbFile:41 - Overriding database path with different value: C:\Users\verma\.stmcufinder\plugins\mcufinder/ => C:\Users\verma\.stmcufinder\plugins\mcufinder
2025-03-24 09:16:50,911 [WARN] DbFile:41 - Overriding database path with different value: C:\Users\verma\.stmcufinder\plugins\mcufinder/ => C:\Users\verma\.stmcufinder\plugins\mcufinder
2025-03-24 09:16:50,911 [INFO] CrossReferenceDbSqlite:203 - Set database path to: C:\Users\verma\.stmcufinder\plugins\mcufinder//mcu/cs/
2025-03-24 09:16:50,971 [INFO] ApplicationProperties:184 - Using Application install path: C:\ST\STM32CubeIDE_1.17.0\STM32CubeIDE\plugins\com.st.stm32cube.common.mx_6.14.0.202502271554
2025-03-24 09:16:50,975 [INFO] PluginManage:196 - Search for loadable plugins [exclusion list=, ]
2025-03-24 09:16:50,976 [INFO] PluginManage:310 - Check plugin analytics
2025-03-24 09:16:56,275 [INFO] AnalyticsPlugin:253 - Accepted Software Licenses: 
2025-03-24 09:16:56,275 [INFO] AnalyticsPlugin:255 - Accepted CMSIS Pack Licenses: 
2025-03-24 09:16:56,275 [INFO] AnalyticsPlugin:257 - Accepted Firmware Licenses: FW.F4.1.28.0
2025-03-24 09:16:56,281 [INFO] PluginManage:359 - Loaded plugin analytics (category:tool,tabindex:-1)
2025-03-24 09:16:56,282 [INFO] PluginManage:310 - Check plugin cadmodel
2025-03-24 09:16:56,287 [INFO] CADModel:105 - Init CAD model plugin
2025-03-24 09:16:56,288 [INFO] PluginManage:359 - Loaded plugin cadmodel (category:power,tabindex:5)
2025-03-24 09:16:56,288 [INFO] PluginManage:310 - Check plugin clock
2025-03-24 09:16:56,298 [INFO] PluginManage:359 - Loaded plugin clock (category:base,tabindex:2)
2025-03-24 09:16:56,298 [INFO] PluginManage:310 - Check plugin ddr
2025-03-24 09:16:56,300 [INFO] PluginManage:359 - Loaded plugin ddr (category:tool,tabindex:6)
2025-03-24 09:16:56,301 [INFO] PluginManage:310 - Check plugin filemanager
2025-03-24 09:16:56,478 [INFO] PluginManage:359 - Loaded plugin filemanager (category:base,tabindex:10)
2025-03-24 09:16:56,478 [INFO] PluginManage:310 - Check plugin ipmanager
2025-03-24 09:16:56,485 [INFO] PluginManage:359 - Loaded plugin ipmanager (category:base,tabindex:5)
2025-03-24 09:16:56,485 [INFO] PluginManage:310 - Check plugin lpbam
2025-03-24 09:16:56,493 [INFO] PluginManage:359 - Loaded plugin lpbam (category:base,tabindex:0)
2025-03-24 09:16:56,493 [INFO] PluginManage:310 - Check plugin memorymap
2025-03-24 09:16:56,504 [INFO] PluginManage:359 - Loaded plugin memorymap (category:base,tabindex:4)
2025-03-24 09:16:56,504 [INFO] PluginManage:310 - Check plugin pinoutandconfiguration
2025-03-24 09:16:56,510 [INFO] PluginManage:359 - Loaded plugin pinoutandconfiguration (category:base,tabindex:1)
2025-03-24 09:16:56,510 [INFO] PluginManage:310 - Check plugin pinoutconfig
2025-03-24 09:16:56,599 [WARN] SupportedApi:132 - Cannot load RTOS API schema: s4s-elt-must-match.1: The content of 'definitions' must match (annotation?, (simpleType | complexType)?, (unique | key | keyref)*)). A problem was found starting at: attribute.
2025-03-24 09:16:56,758 [INFO] PluginManage:359 - Loaded plugin pinoutconfig (category:base,tabindex:0)
2025-03-24 09:16:56,759 [INFO] PluginManage:310 - Check plugin power
2025-03-24 09:16:56,769 [INFO] PluginManage:359 - Loaded plugin power (category:power,tabindex:4)
2025-03-24 09:16:56,769 [INFO] PluginManage:310 - Check plugin projectmanager
2025-03-24 09:16:56,787 [INFO] PluginManage:359 - Loaded plugin projectmanager (category:projectmanager,tabindex:4)
2025-03-24 09:16:56,788 [INFO] PluginManage:310 - Check plugin rif
2025-03-24 09:16:56,794 [INFO] PluginManage:359 - Loaded plugin rif (category:base,tabindex:3)
2025-03-24 09:16:56,795 [INFO] PluginManage:310 - Check plugin thirdparty
2025-03-24 09:16:56,971 [WARN] IntegrityCheckThread:84 - waiting for thirdparty lock release [integrity check]
2025-03-24 09:16:56,971 [INFO] IntegrityCheckThread:86 - entering critical section [integrity check]
2025-03-24 09:16:56,972 [INFO] ThirdPartyUpdaterWithRetryManager:70 - Updater plugin not ready yet. [1/15]
2025-03-24 09:16:56,973 [INFO] PluginManage:359 - Loaded plugin thirdparty (category:base,tabindex:-1)
2025-03-24 09:16:56,973 [INFO] PluginManage:310 - Check plugin tools
2025-03-24 09:16:56,979 [INFO] PluginManage:359 - Loaded plugin tools (category:base,tabindex:7)
2025-03-24 09:16:56,980 [INFO] PluginManage:310 - Check plugin tutovideos
2025-03-24 09:16:57,145 [INFO] PluginManage:359 - Loaded plugin tutovideos (category:base,tabindex:-1)
2025-03-24 09:16:57,145 [INFO] PluginManage:310 - Check plugin updater
2025-03-24 09:16:57,179 [INFO] PluginManage:359 - Loaded plugin updater (category:base,tabindex:12)
2025-03-24 09:16:57,179 [INFO] PluginManage:310 - Check plugin userauth
2025-03-24 09:16:57,192 [INFO] UserAuth:118 - Init User Auth plugin
2025-03-24 09:16:57,193 [INFO] PluginManage:359 - Loaded plugin userauth (category:base,tabindex:14)
2025-03-24 09:16:57,194 [INFO] PluginManage:283 - PluginManage : Loaded plugins [18]
2025-03-24 09:16:57,489 [INFO] PinOutPanel:1589 - setPackage(No Configuration,No Configuration)
2025-03-24 09:16:57,575 [INFO] CADModel:165 - CPN selected for project level
2025-03-24 09:16:57,575 [INFO] CADModel:114 - Register for checkConnection events
2025-03-24 09:16:57,594 [INFO] IPUIPlugin:80 - create IPUIPlugin
2025-03-24 09:16:57,594 [INFO] PluginManager:220 - loadIPPluginJar : add adc
2025-03-24 09:16:57,597 [INFO] IPUIPlugin:80 - create IPUIPlugin
2025-03-24 09:16:57,597 [INFO] PluginManager:220 - loadIPPluginJar : add aes
2025-03-24 09:16:57,600 [INFO] IPUIPlugin:80 - create IPUIPlugin
2025-03-24 09:16:57,601 [INFO] PluginManager:220 - loadIPPluginJar : add can
2025-03-24 09:16:57,602 [INFO] IPUIPlugin:80 - create IPUIPlugin
2025-03-24 09:16:57,602 [INFO] PluginManager:220 - loadIPPluginJar : add comp
2025-03-24 09:16:57,604 [INFO] IPUIPlugin:80 - create IPUIPlugin
2025-03-24 09:16:57,604 [INFO] PluginManager:220 - loadIPPluginJar : add cryp
2025-03-24 09:16:57,607 [INFO] IPUIPlugin:80 - create IPUIPlugin
2025-03-24 09:16:57,607 [INFO] PluginManager:220 - loadIPPluginJar : add ddr_ctrl_phy
2025-03-24 09:16:57,609 [INFO] IPUIPlugin:80 - create IPUIPlugin
2025-03-24 09:16:57,609 [INFO] PluginManager:220 - loadIPPluginJar : add dfsdm
2025-03-24 09:16:57,616 [INFO] IPUIPlugin:80 - create IPUIPlugin
2025-03-24 09:16:57,616 [INFO] PluginManager:220 - loadIPPluginJar : add dma
2025-03-24 09:16:57,621 [INFO] IPUIPlugin:80 - create IPUIPlugin
2025-03-24 09:16:57,621 [INFO] PluginManager:220 - loadIPPluginJar : add dma3
2025-03-24 09:16:57,624 [INFO] IPUIPlugin:80 - create IPUIPlugin
2025-03-24 09:16:57,624 [INFO] PluginManager:220 - loadIPPluginJar : add extmemmanager
2025-03-24 09:16:57,625 [INFO] IPUIPlugin:80 - create IPUIPlugin
2025-03-24 09:16:57,625 [INFO] PluginManager:220 - loadIPPluginJar : add fatfs
2025-03-24 09:16:57,629 [INFO] IPUIPlugin:80 - create IPUIPlugin
2025-03-24 09:16:57,629 [INFO] PluginManager:220 - loadIPPluginJar : add fmc
2025-03-24 09:16:57,635 [INFO] IPUIPlugin:80 - create IPUIPlugin
2025-03-24 09:16:57,636 [INFO] PluginManager:220 - loadIPPluginJar : add freertos
2025-03-24 09:16:57,638 [INFO] IPUIPlugin:80 - create IPUIPlugin
2025-03-24 09:16:57,639 [INFO] PluginManager:220 - loadIPPluginJar : add genericplugin
2025-03-24 09:16:57,641 [INFO] IPUIPlugin:80 - create IPUIPlugin
2025-03-24 09:16:57,641 [INFO] PluginManager:220 - loadIPPluginJar : add gfxmmu
2025-03-24 09:16:57,647 [INFO] IPUIPlugin:80 - create IPUIPlugin
2025-03-24 09:16:57,647 [INFO] PluginManager:220 - loadIPPluginJar : add gic
2025-03-24 09:16:57,651 [INFO] IPUIPlugin:80 - create IPUIPlugin
2025-03-24 09:16:57,651 [INFO] PluginManager:220 - loadIPPluginJar : add gpio
2025-03-24 09:16:57,654 [INFO] IPUIPlugin:80 - create IPUIPlugin
2025-03-24 09:16:57,655 [INFO] PluginManager:220 - loadIPPluginJar : add gtzc
2025-03-24 09:16:57,657 [INFO] IPUIPlugin:80 - create IPUIPlugin
2025-03-24 09:16:57,657 [INFO] PluginManager:220 - loadIPPluginJar : add hash
2025-03-24 09:16:57,659 [INFO] IPUIPlugin:80 - create IPUIPlugin
2025-03-24 09:16:57,659 [INFO] PluginManager:220 - loadIPPluginJar : add i2c
2025-03-24 09:16:57,661 [INFO] IPUIPlugin:80 - create IPUIPlugin
2025-03-24 09:16:57,662 [INFO] PluginManager:220 - loadIPPluginJar : add i2s
2025-03-24 09:16:57,666 [INFO] IPUIPlugin:80 - create IPUIPlugin
2025-03-24 09:16:57,667 [INFO] PluginManager:220 - loadIPPluginJar : add i3c
2025-03-24 09:16:57,671 [INFO] IPUIPlugin:80 - create IPUIPlugin
2025-03-24 09:16:57,672 [INFO] PluginManager:220 - loadIPPluginJar : add ipddr
2025-03-24 09:16:57,679 [INFO] IPUIPlugin:80 - create IPUIPlugin
2025-03-24 09:16:57,679 [INFO] PluginManager:220 - loadIPPluginJar : add linkedlist
2025-03-24 09:16:57,684 [INFO] IPUIPlugin:80 - create IPUIPlugin
2025-03-24 09:16:57,684 [INFO] PluginManager:220 - loadIPPluginJar : add lorawan
2025-03-24 09:16:57,685 [INFO] IPUIPlugin:80 - create IPUIPlugin
2025-03-24 09:16:57,685 [INFO] PluginManager:220 - loadIPPluginJar : add ltdc
2025-03-24 09:16:57,690 [INFO] IPUIPlugin:80 - create IPUIPlugin
2025-03-24 09:16:57,691 [INFO] PluginManager:220 - loadIPPluginJar : add mdma
2025-03-24 09:16:57,695 [INFO] IPUIPlugin:80 - create IPUIPlugin
2025-03-24 09:16:57,695 [INFO] PluginManager:220 - loadIPPluginJar : add nvic
2025-03-24 09:16:57,699 [INFO] IPUIPlugin:80 - create IPUIPlugin
2025-03-24 09:16:57,699 [INFO] PluginManager:220 - loadIPPluginJar : add opamp
2025-03-24 09:16:57,702 [INFO] IPUIPlugin:80 - create IPUIPlugin
2025-03-24 09:16:57,702 [INFO] PluginManager:220 - loadIPPluginJar : add openamp
2025-03-24 09:16:57,704 [INFO] IPUIPlugin:80 - create IPUIPlugin
2025-03-24 09:16:57,704 [INFO] PluginManager:220 - loadIPPluginJar : add pdm2pcm
2025-03-24 09:16:57,711 [INFO] IPUIPlugin:80 - create IPUIPlugin
2025-03-24 09:16:57,713 [INFO] PluginManager:220 - loadIPPluginJar : add plateformsettings
2025-03-24 09:16:57,715 [INFO] IPUIPlugin:80 - create IPUIPlugin
2025-03-24 09:16:57,715 [INFO] PluginManager:220 - loadIPPluginJar : add quadspi
2025-03-24 09:16:57,717 [INFO] IPUIPlugin:80 - create IPUIPlugin
2025-03-24 09:16:57,717 [INFO] PluginManager:220 - loadIPPluginJar : add radio
2025-03-24 09:16:57,721 [INFO] IPUIPlugin:80 - create IPUIPlugin
2025-03-24 09:16:57,721 [INFO] PluginManager:220 - loadIPPluginJar : add resmgrutility
2025-03-24 09:16:57,723 [INFO] IPUIPlugin:80 - create IPUIPlugin
2025-03-24 09:16:57,723 [INFO] PluginManager:220 - loadIPPluginJar : add sai
2025-03-24 09:16:57,725 [INFO] IPUIPlugin:80 - create IPUIPlugin
2025-03-24 09:16:57,725 [INFO] PluginManager:220 - loadIPPluginJar : add spi
2025-03-24 09:16:57,731 [INFO] IPUIPlugin:80 - create IPUIPlugin
2025-03-24 09:16:57,731 [INFO] PluginManager:220 - loadIPPluginJar : add stm32_wpan
2025-03-24 09:16:57,733 [INFO] IPUIPlugin:80 - create IPUIPlugin
2025-03-24 09:16:57,733 [INFO] PluginManager:220 - loadIPPluginJar : add tim
2025-03-24 09:16:57,736 [INFO] IPUIPlugin:80 - create IPUIPlugin
2025-03-24 09:16:57,736 [INFO] PluginManager:220 - loadIPPluginJar : add touchsensing
2025-03-24 09:16:57,738 [INFO] IPUIPlugin:80 - create IPUIPlugin
2025-03-24 09:16:57,738 [INFO] PluginManager:220 - loadIPPluginJar : add tracer_emb
2025-03-24 09:16:57,740 [INFO] IPUIPlugin:80 - create IPUIPlugin
2025-03-24 09:16:57,740 [INFO] PluginManager:220 - loadIPPluginJar : add ts
2025-03-24 09:16:57,741 [INFO] IPUIPlugin:80 - create IPUIPlugin
2025-03-24 09:16:57,741 [INFO] PluginManager:220 - loadIPPluginJar : add tsc
2025-03-24 09:16:57,743 [INFO] IPUIPlugin:80 - create IPUIPlugin
2025-03-24 09:16:57,743 [INFO] PluginManager:220 - loadIPPluginJar : add ucpd
2025-03-24 09:16:57,745 [INFO] IPUIPlugin:80 - create IPUIPlugin
2025-03-24 09:16:57,745 [INFO] PluginManager:220 - loadIPPluginJar : add usart
2025-03-24 09:16:57,748 [INFO] IPUIPlugin:80 - create IPUIPlugin
2025-03-24 09:16:57,748 [INFO] PluginManager:220 - loadIPPluginJar : add usbx
2025-03-24 09:16:57,908 [FATAL] Updater:351 - Updater called before beeing initialized
2025-03-24 09:16:57,935 [INFO] RulesReader:64 - Compatibility file has been processed (301 Rules)
2025-03-24 09:16:57,948 [INFO] RulesReader:64 - Compatibility file has been processed (301 Rules)
2025-03-24 09:16:57,963 [INFO] CADModel:165 - CPN selected for project level
2025-03-24 09:16:57,964 [INFO] CADModel:114 - Register for checkConnection events
2025-03-24 09:16:57,964 [FATAL] Updater:351 - Updater called before beeing initialized
2025-03-24 09:16:57,964 [ERROR] CADModel:125 - Updater not yet initialized, retry later 
2025-03-24 09:16:58,166 [FATAL] Updater:351 - Updater called before beeing initialized
2025-03-24 09:16:58,168 [INFO] CADModel:165 - CPN selected for project level
2025-03-24 09:16:58,168 [INFO] CADModel:114 - Register for checkConnection events
2025-03-24 09:16:58,169 [FATAL] Updater:351 - Updater called before beeing initialized
2025-03-24 09:16:58,169 [ERROR] CADModel:125 - Updater not yet initialized, retry later 
2025-03-24 09:16:58,173 [FATAL] Updater:351 - Updater called before beeing initialized
2025-03-24 09:16:58,316 [FATAL] Updater:351 - Updater called before beeing initialized
2025-03-24 09:16:58,321 [INFO] DbMcusAds:53 - JSON generation date=Thu Mar 06 20:24:21 IST 2025 (1741272861825)
2025-03-24 09:16:58,322 [FATAL] Updater:351 - Updater called before beeing initialized
2025-03-24 09:16:58,354 [WARN] DetailPanel:346 - Failed to get advertising image, set to default
2025-03-24 09:16:58,577 [FATAL] Updater:351 - Updater called before beeing initialized
2025-03-24 09:16:58,578 [FATAL] Updater:351 - Updater called before beeing initialized
2025-03-24 09:16:58,579 [FATAL] Updater:351 - Updater called before beeing initialized
2025-03-24 09:16:58,579 [WARN] DetailPanel:346 - Failed to get advertising image, set to default
2025-03-24 09:16:58,580 [FATAL] Updater:351 - Updater called before beeing initialized
2025-03-24 09:16:58,653 [ERROR] Updater:1198 - MainUpdater not yet initialized. External WinMGr cannot be set.
2025-03-24 09:16:58,654 [INFO] Updater:1134 - Updater Version found : 6.14.0
2025-03-24 09:16:58,668 [INFO] ApplicationProperties:184 - Using Application install path: C:\ST\STM32CubeIDE_1.17.0\STM32CubeIDE\plugins\com.st.stm32cube.common.mx_6.14.0.202502271554
2025-03-24 09:16:59,972 [INFO] ThirdPartyUpdaterWithRetryManager:70 - Updater plugin not ready yet. [2/15]
2025-03-24 09:17:00,242 [ERROR] LogOutputStream:75 - [STDERR_REDIRECT] Mar 24, 2025 9:17:00 AM java.util.prefs.WindowsPreferences <init>
2025-03-24 09:17:00,243 [ERROR] LogOutputStream:75 - [STDERR_REDIRECT] WARNING: Could not open/create prefs root node Software\JavaSoft\Prefs at root 0xffffffff80000002. Windows RegCreateKeyEx(...) returned error code 5.
2025-03-24 09:17:00,243 [ERROR] LogOutputStream:75 - [STDERR_REDIRECT] 
2025-03-24 09:17:02,974 [FATAL] Updater:351 - Updater called before beeing initialized
2025-03-24 09:17:02,974 [ERROR] IntegrityCheckThread:130 - Cannot retrieve database content from updater: error 21
2025-03-24 09:17:02,975 [INFO] ThirdParty:978 - Integrity check success = false
2025-03-24 09:17:02,975 [INFO] IntegrityCheckThread:100 - exiting critical section [integrity check]
2025-03-24 09:17:02,975 [INFO] IntegrityCheckThread:103 - End integrity checks thread
2025-03-24 09:17:03,415 [INFO] MainUpdater:2872 - connection check result : 10
2025-03-24 09:17:03,416 [INFO] MainUpdater:289 - Updater Check For Update Now.
2025-03-24 09:17:03,416 [INFO] MicroXplorer:498 - Change Database Version : DB.6.0.140
2025-03-24 09:17:03,421 [INFO] McuFinderGlobals:63 - Set McuFinder mode to 2 (CubeIDE integrated)
2025-03-24 09:17:03,422 [INFO] UserAuth:486 - Internet connection configuration mode: 1
2025-03-24 09:17:03,477 [INFO] JxBrowserEngine:152 - Initiate JxBrowser Engine with user profile folder
2025-03-24 09:17:03,618 [INFO] CheckServerUpdateThread:120 - End of CheckServer Thread
2025-03-24 09:17:04,825 [INFO] WebApp:169 - Instantiating new browser for Auth
2025-03-24 09:17:05,542 [INFO] WebApp:463 - Apply proxy settings
2025-03-24 09:17:05,542 [INFO] WebApp:548 - Chromium requires no authentication
2025-03-24 09:17:05,552 [INFO] WebApp:491 - Direct internet connection detected
2025-03-24 09:17:05,572 [INFO] WebApp:894 - Register for checkConnection events
2025-03-24 09:17:05,573 [INFO] WebApp:463 - Apply proxy settings
2025-03-24 09:17:05,573 [INFO] WebApp:548 - Chromium requires no authentication
2025-03-24 09:17:05,573 [INFO] WebApp:491 - Direct internet connection detected
2025-03-24 09:17:05,726 [INFO] WebApp:225 - Starting web application
2025-03-24 09:17:05,726 [INFO] WebApp:593 - Web application path used C:\ST\STM32CubeIDE_1.17.0\STM32CubeIDE\plugins\com.st.stm32cube.common.mx_6.14.0.202502271554\db\plugins\mcufinder\reactClient1\index.html
2025-03-24 09:17:05,880 [INFO] UserAuth:486 - Internet connection configuration mode: 1
2025-03-24 09:17:06,060 [INFO] WebApp:191 - Connection restablished
2025-03-24 09:24:12,878 [INFO] WebApp:194 - Connection lost
2025-03-24 09:24:13,150 [INFO] WebApp:191 - Connection restablished
2025-03-24 09:24:34,882 [INFO] WebApp:194 - Connection lost
2025-03-24 09:24:35,073 [INFO] WebApp:191 - Connection restablished
2025-03-24 09:36:54,372 [INFO] WebApp:194 - Connection lost
2025-03-24 09:36:55,065 [INFO] WebApp:191 - Connection restablished
2025-03-24 09:37:17,880 [INFO] WebApp:194 - Connection lost
2025-03-24 09:37:18,112 [INFO] WebApp:191 - Connection restablished
2025-03-24 15:43:22,419 [INFO] Activator:176 - 


2025-03-24 15:43:22,424 [INFO] Activator:177 - !SESSION log4j initialized
2025-03-24 15:43:34,329 [INFO] LogOutputStream:77 - [STDOUT_REDIRECT] 
