13:01:19 **** Incremental Build of configuration Debug for project 2_gpio_output ****
make -j16 all 
arm-none-eabi-gcc "../Src/main.c" -mcpu=cortex-m4 -std=gnu11 -g3 -DDEBUG -DSTM32 -DSTM32F4 -DSTM32F446RETx -DNUCLEO_F446RE -DSTM32F446xx -c -I../Inc -I"C:/Projects/Bare-Metal-C-Programming/chip_headers/CMSIS/Device/ST/STM32F4xx/Include" -I"C:/Projects/Bare-Metal-C-Programming/chip_headers/CMSIS/Include" -O0 -ffunction-sections -fdata-sections -Wall -fstack-usage -fcyclomatic-complexity -MMD -MP -MF"Src/main.d" -MT"Src/main.o" --specs=nano.specs -mfpu=fpv4-sp-d16 -mfloat-abi=hard -mthumb -o "Src/main.o"
arm-none-eabi-gcc -o "2_gpio_output.elf" @"objects.list"   -mcpu=cortex-m4 -T"C:\Projects\Bare-Metal-C-Programming\2_gpio_output\STM32F446RETX_FLASH.ld" --specs=nosys.specs -Wl,-Map="2_gpio_output.map" -Wl,--gc-sections -static --specs=nano.specs -mfpu=fpv4-sp-d16 -mfloat-abi=hard -mthumb -Wl,--start-group -lc -lm -Wl,--end-group
Finished building target: 2_gpio_output.elf
 
arm-none-eabi-size  2_gpio_output.elf 
arm-none-eabi-objdump -h -S 2_gpio_output.elf  > "2_gpio_output.list"
   text	   data	    bss	    dec	    hex	filename
    804	      0	   1568	   2372	    944	2_gpio_output.elf
Finished building: default.size.stdout
 
Finished building: 2_gpio_output.list
 
13:02:40 **** Incremental Build of configuration Debug for project 2_gpio_output ****
make -j16 all 
arm-none-eabi-size  2_gpio_output.elf 
   text	   data	    bss	    dec	    hex	filename
    804	      0	   1568	   2372	    944	2_gpio_output.elf
Finished building: default.size.stdout
 
13:04:55 **** Incremental Build of configuration Debug for project 0_led_toggle_addr ****
make -j16 all 
arm-none-eabi-gcc "../Src/main.c" -mcpu=cortex-m4 -std=gnu11 -g3 -DDEBUG -DSTM32 -DSTM32F4 -DSTM32F446RETx -DNUCLEO_F446RE -c -I../Inc -O0 -ffunction-sections -fdata-sections -Wall -fstack-usage -fcyclomatic-complexity -MMD -MP -MF"Src/main.d" -MT"Src/main.o" --specs=nano.specs -mfpu=fpv4-sp-d16 -mfloat-abi=hard -mthumb -o "Src/main.o"
arm-none-eabi-gcc -o "0_led_toggle_addr.elf" @"objects.list"   -mcpu=cortex-m4 -T"C:\Projects\Bare-Metal-C-Programming\0_led_toggle_addr\STM32F446RETX_FLASH.ld" --specs=nosys.specs -Wl,-Map="0_led_toggle_addr.map" -Wl,--gc-sections -static --specs=nano.specs -mfpu=fpv4-sp-d16 -mfloat-abi=hard -mthumb -Wl,--start-group -lc -lm -Wl,--end-group
Finished building target: 0_led_toggle_addr.elf
 
arm-none-eabi-size  0_led_toggle_addr.elf 
arm-none-eabi-objdump -h -S 0_led_toggle_addr.elf  > "0_led_toggle_addr.list"
   text	   data	    bss	    dec	    hex	filename
    796	      0	   1568	   2364	    93c	0_led_toggle_addr.elf
Finished building: default.size.stdout
 
Finished building: 0_led_toggle_addr.list
 
13:04:56 **** Build of configuration Debug for project 1_led_toggle_struct ****
make -j16 all 
arm-none-eabi-size  1_led_toggle_struct.elf 
   text	   data	    bss	    dec	    hex	filename
    792	      0	   1568	   2360	    938	1_led_toggle_struct.elf
Finished building: default.size.stdout
 
13:04:57 **** Incremental Build of configuration Debug for project 2_gpio_output ****
make -j16 all 
arm-none-eabi-gcc "../Src/main.c" -mcpu=cortex-m4 -std=gnu11 -g3 -DDEBUG -DSTM32 -DSTM32F4 -DSTM32F446RETx -DNUCLEO_F446RE -DSTM32F446xx -c -I../Inc -I"C:/Projects/Bare-Metal-C-Programming/chip_headers/CMSIS/Device/ST/STM32F4xx/Include" -I"C:/Projects/Bare-Metal-C-Programming/chip_headers/CMSIS/Include" -O0 -ffunction-sections -fdata-sections -Wall -fstack-usage -fcyclomatic-complexity -MMD -MP -MF"Src/main.d" -MT"Src/main.o" --specs=nano.specs -mfpu=fpv4-sp-d16 -mfloat-abi=hard -mthumb -o "Src/main.o"
arm-none-eabi-gcc -o "2_gpio_output.elf" @"objects.list"   -mcpu=cortex-m4 -T"C:\Projects\Bare-Metal-C-Programming\2_gpio_output\STM32F446RETX_FLASH.ld" --specs=nosys.specs -Wl,-Map="2_gpio_output.map" -Wl,--gc-sections -static --specs=nano.specs -mfpu=fpv4-sp-d16 -mfloat-abi=hard -mthumb -Wl,--start-group -lc -lm -Wl,--end-group
Finished building target: 2_gpio_output.elf
 
arm-none-eabi-size  2_gpio_output.elf 
arm-none-eabi-objdump -h -S 2_gpio_output.elf  > "2_gpio_output.list"
   text	   data	    bss	    dec	    hex	filename
    804	      0	   1568	   2372	    944	2_gpio_output.elf
Finished building: default.size.stdout
 
Finished building: 2_gpio_output.list
 
13:05:06 **** Incremental Build of configuration Debug for project 2_gpio_output ****
make -j16 all 
arm-none-eabi-size  2_gpio_output.elf 
   text	   data	    bss	    dec	    hex	filename
    804	      0	   1568	   2372	    944	2_gpio_output.elf
Finished building: default.size.stdout
 
13:05:55 **** Incremental Build of configuration Debug for project 0_led_toggle_addr ****
make -j16 all 
arm-none-eabi-size  0_led_toggle_addr.elf 
   text	   data	    bss	    dec	    hex	filename
    796	      0	   1568	   2364	    93c	0_led_toggle_addr.elf
Finished building: default.size.stdout
 
13:05:55 **** Incremental Build of configuration Debug for project 1_led_toggle_struct ****
make -j16 all 
arm-none-eabi-size  1_led_toggle_struct.elf 
   text	   data	    bss	    dec	    hex	filename
    792	      0	   1568	   2360	    938	1_led_toggle_struct.elf
Finished building: default.size.stdout
 
13:05:55 **** Incremental Build of configuration Debug for project 2_gpio_output ****
make -j16 all 
arm-none-eabi-gcc "../Src/main.c" -mcpu=cortex-m4 -std=gnu11 -g3 -DDEBUG -DSTM32 -DSTM32F4 -DSTM32F446RETx -DNUCLEO_F446RE -DSTM32F446xx -c -I../Inc -I"C:/Projects/Bare-Metal-C-Programming/chip_headers/CMSIS/Device/ST/STM32F4xx/Include" -I"C:/Projects/Bare-Metal-C-Programming/chip_headers/CMSIS/Include" -O0 -ffunction-sections -fdata-sections -Wall -fstack-usage -fcyclomatic-complexity -MMD -MP -MF"Src/main.d" -MT"Src/main.o" --specs=nano.specs -mfpu=fpv4-sp-d16 -mfloat-abi=hard -mthumb -o "Src/main.o"
arm-none-eabi-gcc -o "2_gpio_output.elf" @"objects.list"   -mcpu=cortex-m4 -T"C:\Projects\Bare-Metal-C-Programming\2_gpio_output\STM32F446RETX_FLASH.ld" --specs=nosys.specs -Wl,-Map="2_gpio_output.map" -Wl,--gc-sections -static --specs=nano.specs -mfpu=fpv4-sp-d16 -mfloat-abi=hard -mthumb -Wl,--start-group -lc -lm -Wl,--end-group
Finished building target: 2_gpio_output.elf
 
arm-none-eabi-size  2_gpio_output.elf 
arm-none-eabi-objdump -h -S 2_gpio_output.elf  > "2_gpio_output.list"
   text	   data	    bss	    dec	    hex	filename
    792	      0	   1568	   2360	    938	2_gpio_output.elf
Finished building: default.size.stdout
 
Finished building: 2_gpio_output.list
 
13:06:01 **** Incremental Build of configuration Debug for project 2_gpio_output ****
make -j16 all 
arm-none-eabi-size  2_gpio_output.elf 
   text	   data	    bss	    dec	    hex	filename
    792	      0	   1568	   2360	    938	2_gpio_output.elf
Finished building: default.size.stdout
 
